Release 14.7 Map P.20131013 (lin64)
Xilinx Mapping Report File for Design 'counter'

Design Information
------------------
Command Line   : map -intstyle ise -p xc6slx9-tqg144-2 -w -logic_opt off -ol
high -t 1 -xt 0 -register_duplication off -r 4 -global_opt off -mt off -ir off
-pr off -lc off -power off -o counter_map.ncd counter.ngd counter.pcf 
Target Device  : xc6slx9
Target Package : tqg144
Target Speed   : -2
Mapper Version : spartan6 -- $Revision: 1.55 $
Mapped Date    : Wed Jan 10 15:56:41 2024

Design Summary
--------------
Number of errors:      0
Number of warnings:    0
Slice Logic Utilization:
  Number of Slice Registers:                   127 out of  11,440    1%
    Number used as Flip Flops:                 127
    Number used as Latches:                      0
    Number used as Latch-thrus:                  0
    Number used as AND/OR logics:                0
  Number of Slice LUTs:                        271 out of   5,720    4%
    Number used as logic:                      267 out of   5,720    4%
      Number using O6 output only:             175
      Number using O5 output only:              67
      Number using O5 and O6:                   25
      Number used as ROM:                        0
    Number used as Memory:                       0 out of   1,440    0%
    Number used exclusively as route-thrus:      4
      Number with same-slice register load:      0
      Number with same-slice carry load:         4
      Number with other load:                    0

Slice Logic Distribution:
  Number of occupied Slices:                    82 out of   1,430    5%
  Number of MUXCYs used:                        92 out of   2,860    3%
  Number of LUT Flip Flop pairs used:          271
    Number with an unused Flip Flop:           154 out of     271   56%
    Number with an unused LUT:                   0 out of     271    0%
    Number of fully used LUT-FF pairs:         117 out of     271   43%
    Number of unique control sets:              10
    Number of slice register sites lost
      to control set restrictions:              41 out of  11,440    1%

  A LUT Flip Flop pair for this architecture represents one LUT paired with
  one Flip Flop within a slice.  A control set is a unique combination of
  clock, reset, set, and enable signals for a registered element.
  The Slice Logic Distribution report is not meaningful if the design is
  over-mapped for a non-slice resource or if Placement fails.

IO Utilization:
  Number of bonded IOBs:                        56 out of     102   54%
    Number of LOCed IOBs:                       56 out of      56  100%
    IOB Flip Flops:                              8

Specific Feature Utilization:
  Number of RAMB16BWERs:                         0 out of      32    0%
  Number of RAMB8BWERs:                          0 out of      64    0%
  Number of BUFIO2/BUFIO2_2CLKs:                 1 out of      32    3%
    Number used as BUFIO2s:                      1
    Number used as BUFIO2_2CLKs:                 0
  Number of BUFIO2FB/BUFIO2FB_2CLKs:             1 out of      32    3%
    Number used as BUFIO2FBs:                    1
    Number used as BUFIO2FB_2CLKs:               0
  Number of BUFG/BUFGMUXs:                       4 out of      16   25%
    Number used as BUFGs:                        4
    Number used as BUFGMUX:                      0
  Number of DCM/DCM_CLKGENs:                     1 out of       4   25%
    Number used as DCMs:                         1
    Number used as DCM_CLKGENs:                  0
  Number of ILOGIC2/ISERDES2s:                   0 out of     200    0%
  Number of IODELAY2/IODRP2/IODRP2_MCBs:         0 out of     200    0%
  Number of OLOGIC2/OSERDES2s:                   8 out of     200    4%
    Number used as OLOGIC2s:                     8
    Number used as OSERDES2s:                    0
  Number of BSCANs:                              0 out of       4    0%
  Number of BUFHs:                               0 out of     128    0%
  Number of BUFPLLs:                             0 out of       8    0%
  Number of BUFPLL_MCBs:                         0 out of       4    0%
  Number of DSP48A1s:                            0 out of      16    0%
  Number of ICAPs:                               0 out of       1    0%
  Number of MCBs:                                0 out of       2    0%
  Number of PCILOGICSEs:                         0 out of       2    0%
  Number of PLL_ADVs:                            0 out of       2    0%
  Number of PMVs:                                0 out of       1    0%
  Number of STARTUPs:                            0 out of       1    0%
  Number of SUSPEND_SYNCs:                       0 out of       1    0%

Average Fanout of Non-Clock Nets:                3.98

Peak Memory Usage:  760 MB
Total REAL time to MAP completion:  3 secs 
Total CPU time to MAP completion:   2 secs 

Table of Contents
-----------------
Section 1 - Errors
Section 2 - Warnings
Section 3 - Informational
Section 4 - Removed Logic Summary
Section 5 - Removed Logic
Section 6 - IOB Properties
Section 7 - RPMs
Section 8 - Guide Report
Section 9 - Area Group and Partition Summary
Section 10 - Timing Report
Section 11 - Configuration String Information
Section 12 - Control Set Information
Section 13 - Utilization by Hierarchy

Section 1 - Errors
------------------

Section 2 - Warnings
--------------------
WARNING:Security:42 - Your software subscription period has lapsed. Your current
version of Xilinx tools will continue to function, but you no longer qualify for
Xilinx software updates or new releases.

Section 3 - Informational
-------------------------
INFO:Security:54 - 'xc6slx9' is a WebPack part.
INFO:MapLib:562 - No environment variables are currently set.
INFO:LIT:244 - All of the single ended outputs in this design are using slew
   rate limited output drivers. The delay on speed critical single ended outputs
   can be dramatically reduced by designating them as fast outputs.
INFO:Pack:1716 - Initializing temperature to 85.000 Celsius. (default - Range:
   0.000 to 85.000 Celsius)
INFO:Pack:1720 - Initializing voltage to 1.140 Volts. (default - Range: 1.140 to
   1.260 Volts)
INFO:Map:215 - The Interim Design Summary has been generated in the MAP Report
   (.mrp).
INFO:Pack:1650 - Map created a placed design.

Section 4 - Removed Logic Summary
---------------------------------
   2 block(s) optimized away

Section 5 - Removed Logic
-------------------------

Optimized Block(s):
TYPE 		BLOCK
GND 		XST_GND
VCC 		XST_VCC

To enable printing of redundant blocks removed and signals merged, set the
detailed map report option and rerun map.

Section 6 - IOB Properties
--------------------------

+---------------------------------------------------------------------------------------------------------------------------------------------------------+
| IOB Name                           | Type             | Direction | IO Standard          | Diff  | Drive    | Slew | Reg (s)      | Resistor | IOB      |
|                                    |                  |           |                      | Term  | Strength | Rate |              |          | Delay    |
+---------------------------------------------------------------------------------------------------------------------------------------------------------+
| clock_50m                          | IOB              | INPUT     | LVCMOS25             |       |          |      |              |          |          |
| data<0>                            | IOB              | OUTPUT    | LVCMOS25             |       | 12       | SLOW |              |          |          |
| data<1>                            | IOB              | OUTPUT    | LVCMOS25             |       | 12       | SLOW |              |          |          |
| data<2>                            | IOB              | OUTPUT    | LVCMOS25             |       | 12       | SLOW |              |          |          |
| data<3>                            | IOB              | OUTPUT    | LVCMOS25             |       | 12       | SLOW |              |          |          |
| data<4>                            | IOB              | OUTPUT    | LVCMOS25             |       | 12       | SLOW |              |          |          |
| data<5>                            | IOB              | OUTPUT    | LVCMOS25             |       | 12       | SLOW |              |          |          |
| data<6>                            | IOB              | OUTPUT    | LVCMOS25             |       | 12       | SLOW |              |          |          |
| data<7>                            | IOB              | OUTPUT    | LVCMOS25             |       | 12       | SLOW | OFF          |          |          |
| led0                               | IOB              | OUTPUT    | LVCMOS25             |       | 12       | SLOW |              |          |          |
| reset_n                            | IOB              | INPUT     | LVCMOS25             |       |          |      |              |          |          |
| sdram_addr<0>                      | IOB              | OUTPUT    | LVCMOS25             |       | 12       | SLOW |              |          |          |
| sdram_addr<1>                      | IOB              | OUTPUT    | LVCMOS25             |       | 12       | SLOW |              |          |          |
| sdram_addr<2>                      | IOB              | OUTPUT    | LVCMOS25             |       | 12       | SLOW |              |          |          |
| sdram_addr<3>                      | IOB              | OUTPUT    | LVCMOS25             |       | 12       | SLOW |              |          |          |
| sdram_addr<4>                      | IOB              | OUTPUT    | LVCMOS25             |       | 12       | SLOW |              |          |          |
| sdram_addr<5>                      | IOB              | OUTPUT    | LVCMOS25             |       | 12       | SLOW |              |          |          |
| sdram_addr<6>                      | IOB              | OUTPUT    | LVCMOS25             |       | 12       | SLOW |              |          |          |
| sdram_addr<7>                      | IOB              | OUTPUT    | LVCMOS25             |       | 12       | SLOW |              |          |          |
| sdram_addr<8>                      | IOB              | OUTPUT    | LVCMOS25             |       | 12       | SLOW |              |          |          |
| sdram_addr<9>                      | IOB              | OUTPUT    | LVCMOS25             |       | 12       | SLOW |              |          |          |
| sdram_addr<10>                     | IOB              | OUTPUT    | LVCMOS25             |       | 12       | SLOW |              |          |          |
| sdram_addr<11>                     | IOB              | OUTPUT    | LVCMOS25             |       | 12       | SLOW |              |          |          |
| sdram_addr<12>                     | IOB              | OUTPUT    | LVCMOS25             |       | 12       | SLOW |              |          |          |
| sdram_ba<0>                        | IOB              | OUTPUT    | LVCMOS25             |       | 12       | SLOW |              |          |          |
| sdram_ba<1>                        | IOB              | OUTPUT    | LVCMOS25             |       | 12       | SLOW |              |          |          |
| sdram_cas_n                        | IOB              | OUTPUT    | LVCMOS25             |       | 12       | SLOW |              |          |          |
| sdram_cke                          | IOB              | OUTPUT    | LVCMOS25             |       | 12       | SLOW | OFF          |          |          |
| sdram_clk                          | IOB              | OUTPUT    | LVCMOS25             |       | 12       | SLOW | ODDR         |          |          |
| sdram_cs_n                         | IOB              | OUTPUT    | LVCMOS25             |       | 12       | SLOW | OFF          |          |          |
| sdram_data<0>                      | IOB              | BIDIR     | LVCMOS25             |       | 12       | SLOW |              |          |          |
| sdram_data<1>                      | IOB              | BIDIR     | LVCMOS25             |       | 12       | SLOW |              |          |          |
| sdram_data<2>                      | IOB              | BIDIR     | LVCMOS25             |       | 12       | SLOW |              |          |          |
| sdram_data<3>                      | IOB              | BIDIR     | LVCMOS25             |       | 12       | SLOW |              |          |          |
| sdram_data<4>                      | IOB              | BIDIR     | LVCMOS25             |       | 12       | SLOW |              |          |          |
| sdram_data<5>                      | IOB              | BIDIR     | LVCMOS25             |       | 12       | SLOW |              |          |          |
| sdram_data<6>                      | IOB              | BIDIR     | LVCMOS25             |       | 12       | SLOW |              |          |          |
| sdram_data<7>                      | IOB              | BIDIR     | LVCMOS25             |       | 12       | SLOW |              |          |          |
| sdram_data<8>                      | IOB              | BIDIR     | LVCMOS25             |       | 12       | SLOW |              |          |          |
| sdram_data<9>                      | IOB              | BIDIR     | LVCMOS25             |       | 12       | SLOW |              |          |          |
| sdram_data<10>                     | IOB              | BIDIR     | LVCMOS25             |       | 12       | SLOW |              |          |          |
| sdram_data<11>                     | IOB              | BIDIR     | LVCMOS25             |       | 12       | SLOW |              |          |          |
| sdram_data<12>                     | IOB              | BIDIR     | LVCMOS25             |       | 12       | SLOW |              |          |          |
| sdram_data<13>                     | IOB              | BIDIR     | LVCMOS25             |       | 12       | SLOW |              |          |          |
| sdram_data<14>                     | IOB              | BIDIR     | LVCMOS25             |       | 12       | SLOW |              |          |          |
| sdram_data<15>                     | IOB              | BIDIR     | LVCMOS25             |       | 12       | SLOW |              |          |          |
| sdram_ras_n                        | IOB              | OUTPUT    | LVCMOS25             |       | 12       | SLOW |              |          |          |
| sdram_we_n                         | IOB              | OUTPUT    | LVCMOS25             |       | 12       | SLOW |              |          |          |
| sel<0>                             | IOB              | OUTPUT    | LVCMOS25             |       | 12       | SLOW |              |          |          |
| sel<1>                             | IOB              | OUTPUT    | LVCMOS25             |       | 12       | SLOW |              |          |          |
| sel<2>                             | IOB              | OUTPUT    | LVCMOS25             |       | 12       | SLOW |              |          |          |
| sel<3>                             | IOB              | OUTPUT    | LVCMOS25             |       | 12       | SLOW |              |          |          |
| sel<4>                             | IOB              | OUTPUT    | LVCMOS25             |       | 12       | SLOW | OFF          |          |          |
| sel<5>                             | IOB              | OUTPUT    | LVCMOS25             |       | 12       | SLOW | OFF          |          |          |
| sel<6>                             | IOB              | OUTPUT    | LVCMOS25             |       | 12       | SLOW | OFF          |          |          |
| sel<7>                             | IOB              | OUTPUT    | LVCMOS25             |       | 12       | SLOW | OFF          |          |          |
+---------------------------------------------------------------------------------------------------------------------------------------------------------+

Section 7 - RPMs
----------------

Section 8 - Guide Report
------------------------
Guide not run on this design.

Section 9 - Area Group and Partition Summary
--------------------------------------------

Partition Implementation Status
-------------------------------

  No Partitions were found in this design.

-------------------------------

Area Group Information
----------------------

  No area groups were found in this design.

----------------------

Section 10 - Timing Report
--------------------------
A logic-level (pre-route) timing report can be generated by using Xilinx static
timing analysis tools, Timing Analyzer (GUI) or TRCE (command line), with the
mapped NCD and PCF files. Please note that this timing report will be generated
using estimated delay information. For accurate numbers, please generate a
timing report with the post Place and Route NCD file.

For more information about the Timing Analyzer, consult the Xilinx Timing
Analyzer Reference Manual; for more information about TRCE, consult the Xilinx
Command Line Tools User Guide "TRACE" chapter.

Section 11 - Configuration String Details
-----------------------------------------
Use the "-detail" map option to print out Configuration Strings

Section 12 - Control Set Information
------------------------------------
Use the "-detail" map option to print out Control Set Information.

Section 13 - Utilization by Hierarchy
-------------------------------------
Use the "-detail" map option to print out the Utilization by Hierarchy section.
