Release 14.7 Map P.20131013 (lin64)
Xilinx Mapping Report File for Design 'top'

Design Information
------------------
Command Line   : map -intstyle ise -p xc6slx9-ftg256-2 -w -logic_opt off -ol
high -t 1 -xt 0 -register_duplication off -r 4 -global_opt off -mt off -ir off
-pr off -lc off -power off -o top_map.ncd top.ngd top.pcf 
Target Device  : xc6slx9
Target Package : ftg256
Target Speed   : -2
Mapper Version : spartan6 -- $Revision: 1.55 $
Mapped Date    : Sat Mar 30 11:02:19 2024

Design Summary
--------------
Number of errors:      0
Number of warnings:    4
Slice Logic Utilization:
  Number of Slice Registers:                   370 out of  11,440    3%
    Number used as Flip Flops:                 370
    Number used as Latches:                      0
    Number used as Latch-thrus:                  0
    Number used as AND/OR logics:                0
  Number of Slice LUTs:                        483 out of   5,720    8%
    Number used as logic:                      457 out of   5,720    7%
      Number using O6 output only:             242
      Number using O5 output only:             102
      Number using O5 and O6:                  113
      Number used as ROM:                        0
    Number used as Memory:                       0 out of   1,440    0%
    Number used exclusively as route-thrus:     26
      Number with same-slice register load:     18
      Number with same-slice carry load:         8
      Number with other load:                    0

Slice Logic Distribution:
  Number of occupied Slices:                   168 out of   1,430   11%
  Number of MUXCYs used:                       184 out of   2,860    6%
  Number of LUT Flip Flop pairs used:          520
    Number with an unused Flip Flop:           224 out of     520   43%
    Number with an unused LUT:                  37 out of     520    7%
    Number of fully used LUT-FF pairs:         259 out of     520   49%
    Number of unique control sets:              24
    Number of slice register sites lost
      to control set restrictions:             102 out of  11,440    1%

  A LUT Flip Flop pair for this architecture represents one LUT paired with
  one Flip Flop within a slice.  A control set is a unique combination of
  clock, reset, set, and enable signals for a registered element.
  The Slice Logic Distribution report is not meaningful if the design is
  over-mapped for a non-slice resource or if Placement fails.

IO Utilization:
  Number of bonded IOBs:                        59 out of     186   31%
    Number of LOCed IOBs:                       59 out of      59  100%

Specific Feature Utilization:
  Number of RAMB16BWERs:                         0 out of      32    0%
  Number of RAMB8BWERs:                          1 out of      64    1%
  Number of BUFIO2/BUFIO2_2CLKs:                 0 out of      32    0%
  Number of BUFIO2FB/BUFIO2FB_2CLKs:             0 out of      32    0%
  Number of BUFG/BUFGMUXs:                       5 out of      16   31%
    Number used as BUFGs:                        5
    Number used as BUFGMUX:                      0
  Number of DCM/DCM_CLKGENs:                     1 out of       4   25%
    Number used as DCMs:                         1
    Number used as DCM_CLKGENs:                  0
  Number of ILOGIC2/ISERDES2s:                   0 out of     200    0%
  Number of IODELAY2/IODRP2/IODRP2_MCBs:         0 out of     200    0%
  Number of OLOGIC2/OSERDES2s:                   0 out of     200    0%
  Number of BSCANs:                              0 out of       4    0%
  Number of BUFHs:                               0 out of     128    0%
  Number of BUFPLLs:                             0 out of       8    0%
  Number of BUFPLL_MCBs:                         0 out of       4    0%
  Number of DSP48A1s:                            0 out of      16    0%
  Number of ICAPs:                               0 out of       1    0%
  Number of MCBs:                                0 out of       2    0%
  Number of PCILOGICSEs:                         0 out of       2    0%
  Number of PLL_ADVs:                            1 out of       2   50%
  Number of PMVs:                                0 out of       1    0%
  Number of STARTUPs:                            0 out of       1    0%
  Number of SUSPEND_SYNCs:                       0 out of       1    0%

Average Fanout of Non-Clock Nets:                3.46

Peak Memory Usage:  765 MB
Total REAL time to MAP completion:  4 secs 
Total CPU time to MAP completion:   4 secs 

Table of Contents
-----------------
Section 1 - Errors
Section 2 - Warnings
Section 3 - Informational
Section 4 - Removed Logic Summary
Section 5 - Removed Logic
Section 6 - IOB Properties
Section 7 - RPMs
Section 8 - Guide Report
Section 9 - Area Group and Partition Summary
Section 10 - Timing Report
Section 11 - Configuration String Information
Section 12 - Control Set Information
Section 13 - Utilization by Hierarchy

Section 1 - Errors
------------------

Section 2 - Warnings
--------------------
WARNING:Security:42 - Your software subscription period has lapsed. Your current
version of Xilinx tools will continue to function, but you no longer qualify for
Xilinx software updates or new releases.
WARNING:Pack:1653 - At least one timing constraint is impossible to meet because component delays alone exceed the constraint. A timing
   constraint summary below shows the failing constraints (preceded with an Asterisk (*)). Please use the Timing Analyzer (GUI) or TRCE
   (command line) with the Mapped NCD and PCF files to identify which constraints and paths are failing because of the component delays
   alone. If the failing path(s) is mapped to Xilinx components as expected, consider relaxing the constraint. If it is not mapped to
   components as expected, re-evaluate your HDL and how synthesis is optimizing the path. To allow the tools to bypass this error, set the
   environment variable XIL_TIMING_ALLOW_IMPOSSIBLE to 1.


   For more information about the Timing Analyzer, consult the Xilinx Timing Analyzer Reference manual; for more information on TRCE,
   consult the Xilinx Command Line Tools User Guide "TRACE" chapter.
WARNING:Place:1206 - This design contains a global buffer instance,
   <sys_pll_m0/clkout2_buf>, driving the net, <sdram_clk_OBUF>, that is driving
   the following (first 30) non-clock load pins off chip.
   < PIN: sdram_clk.O; >
   This design practice, in Spartan-6, can lead to an unroutable situation due
   to limitations in the global routing. If the design does route there may be
   excessive delay or skew on this net. It is recommended to use a Clock
   Forwarding technique to create a reliable and repeatable low skew solution:
   instantiate an ODDR2 component; tie the .D0 pin to Logic1; tie the .D1 pin to
   Logic0; tie the clock net to be forwarded to .C0; tie the inverted clock to
   .C1. This is normally an ERROR but the CLOCK_DEDICATED_ROUTE constraint was
   applied on COMP.PIN <sys_pll_m0/clkout2_buf.O> allowing your design to
   continue. This constraint disables all clock placer rules related to the
   specified COMP.PIN.
WARNING:Place:1137 - This design is not guaranteed to be routable! This design
   contains a global buffer instance, <sys_pll_m0/clkout2_buf>, driving the net,
   <sdram_clk_OBUF>, that is driving the following (first 30) non-clock load
   pins.
   < PIN: sdram_clk.O; >
   This is not a recommended design practice in Spartan-6 due to limitations in
   the global routing that may cause excessive delay, skew or unroutable
   situations.  It is recommended to only use a BUFG resource to drive clock
   loads. Please pay extra attention to the timing and routing of this path to
   ensure the design goals are met. This is normally an ERROR but the
   CLOCK_DEDICATED_ROUTE constraint was applied on COMP.PIN
   <sys_pll_m0/clkout2_buf.O> allowing your design to continue. This constraint
   disables all clock placer rules related to the specified COMP.PIN.
WARNING:PhysDesignRules:2410 - This design is using one or more 9K Block RAMs
   (RAMB8BWER).  9K Block RAM initialization data, both user defined and
   default, may be incorrect and should not be used.  For more information,
   please reference Xilinx Answer Record 39999.

Section 3 - Informational
-------------------------
INFO:Security:54 - 'xc6slx9' is a WebPack part.
INFO:LIT:243 - Logical network
   read_buf/U0/xst_fifo_generator/gconvfifo.rf/grf.rf/gntv_or_sync_fifo.gl0.rd/g
   ras.grdc1.rdc/rd_dc_i<7> has no load.
INFO:LIT:395 - The above info message is repeated 16 more times for the
   following (max. 5 shown):
   read_buf/U0/xst_fifo_generator/gconvfifo.rf/grf.rf/gntv_or_sync_fifo.gl0.rd/g
   ras.grdc1.rdc/rd_dc_i<6>,
   read_buf/U0/xst_fifo_generator/gconvfifo.rf/grf.rf/gntv_or_sync_fifo.gl0.rd/g
   ras.grdc1.rdc/rd_dc_i<5>,
   read_buf/U0/xst_fifo_generator/gconvfifo.rf/grf.rf/gntv_or_sync_fifo.gl0.rd/g
   ras.grdc1.rdc/rd_dc_i<4>,
   read_buf/U0/xst_fifo_generator/gconvfifo.rf/grf.rf/gntv_or_sync_fifo.gl0.rd/g
   ras.grdc1.rdc/rd_dc_i<3>,
   read_buf/U0/xst_fifo_generator/gconvfifo.rf/grf.rf/gntv_or_sync_fifo.gl0.rd/g
   ras.grdc1.rdc/rd_dc_i<2>
   To see the details of these info messages, please use the -detail switch.
INFO:MapLib:562 - No environment variables are currently set.
INFO:Pack:1716 - Initializing temperature to 85.000 Celsius. (default - Range:
   0.000 to 85.000 Celsius)
INFO:Pack:1720 - Initializing voltage to 1.140 Volts. (default - Range: 1.140 to
   1.260 Volts)
INFO:Map:215 - The Interim Design Summary has been generated in the MAP Report
   (.mrp).
INFO:Pack:1650 - Map created a placed design.
INFO:PhysDesignRules:1861 - To achieve optimal frequency synthesis performance
   with the CLKFX and CLKFX180 outputs of the DCM comp video_pll_m0/dcm_sp_inst,
   consult the device Data Sheet.

Section 4 - Removed Logic Summary
---------------------------------
  48 block(s) removed
   5 block(s) optimized away
  48 signal(s) removed

Section 5 - Removed Logic
-------------------------

The trimmed logic report below shows the logic removed from your design due to
sourceless or loadless signals, and VCC or ground connections.  If the removal
of a signal or symbol results in the subsequent removal of an additional signal
or symbol, the message explaining that second removal will be indented.  This
indentation will be repeated as a chain of related logic is removed.

To quickly locate the original cause for the removal of a chain of logic, look
above the place where that logic is listed in the trimming report, then locate
the lines that are least indented (begin at the leftmost edge).

Loadless block "sys_pll_m0/clkout1_buf" (CKBUF) removed.
 The signal "sys_pll_m0/clkout0" is loadless and has been removed.
The signal
"read_buf/U0/xst_fifo_generator/gconvfifo.rf/grf.rf/gntv_or_sync_fifo.gl0.rd/gra
s.grdc1.rdc/rd_dc_i<7>" is sourceless and has been removed.
The signal
"read_buf/U0/xst_fifo_generator/gconvfifo.rf/grf.rf/gntv_or_sync_fifo.gl0.rd/gra
s.grdc1.rdc/rd_dc_i<6>" is sourceless and has been removed.
The signal
"read_buf/U0/xst_fifo_generator/gconvfifo.rf/grf.rf/gntv_or_sync_fifo.gl0.rd/gra
s.grdc1.rdc/rd_dc_i<5>" is sourceless and has been removed.
The signal
"read_buf/U0/xst_fifo_generator/gconvfifo.rf/grf.rf/gntv_or_sync_fifo.gl0.rd/gra
s.grdc1.rdc/rd_dc_i<4>" is sourceless and has been removed.
The signal
"read_buf/U0/xst_fifo_generator/gconvfifo.rf/grf.rf/gntv_or_sync_fifo.gl0.rd/gra
s.grdc1.rdc/rd_dc_i<3>" is sourceless and has been removed.
The signal
"read_buf/U0/xst_fifo_generator/gconvfifo.rf/grf.rf/gntv_or_sync_fifo.gl0.rd/gra
s.grdc1.rdc/rd_dc_i<2>" is sourceless and has been removed.
The signal
"read_buf/U0/xst_fifo_generator/gconvfifo.rf/grf.rf/gntv_or_sync_fifo.gl0.rd/gra
s.grdc1.rdc/rd_dc_i<1>" is sourceless and has been removed.
The signal
"read_buf/U0/xst_fifo_generator/gconvfifo.rf/grf.rf/gntv_or_sync_fifo.gl0.rd/gra
s.grdc1.rdc/rd_dc_i<0>" is sourceless and has been removed.
The signal
"read_buf/U0/xst_fifo_generator/gconvfifo.rf/grf.rf/gntv_or_sync_fifo.gl0.wr/gwa
s.gwdc0.wdc/wr_data_count_i<6>" is sourceless and has been removed.
The signal
"read_buf/U0/xst_fifo_generator/gconvfifo.rf/grf.rf/gntv_or_sync_fifo.gl0.wr/gwa
s.gwdc0.wdc/wr_data_count_i<5>" is sourceless and has been removed.
The signal
"read_buf/U0/xst_fifo_generator/gconvfifo.rf/grf.rf/gntv_or_sync_fifo.gl0.wr/gwa
s.gwdc0.wdc/wr_data_count_i<4>" is sourceless and has been removed.
The signal
"read_buf/U0/xst_fifo_generator/gconvfifo.rf/grf.rf/gntv_or_sync_fifo.gl0.wr/gwa
s.gwdc0.wdc/wr_data_count_i<3>" is sourceless and has been removed.
The signal
"read_buf/U0/xst_fifo_generator/gconvfifo.rf/grf.rf/gntv_or_sync_fifo.gl0.wr/gwa
s.gwdc0.wdc/wr_data_count_i<2>" is sourceless and has been removed.
The signal
"read_buf/U0/xst_fifo_generator/gconvfifo.rf/grf.rf/gntv_or_sync_fifo.gl0.wr/gwa
s.gwdc0.wdc/wr_data_count_i<1>" is sourceless and has been removed.
The signal
"read_buf/U0/xst_fifo_generator/gconvfifo.rf/grf.rf/gntv_or_sync_fifo.gl0.wr/gwa
s.gwdc0.wdc/wr_data_count_i<0>" is sourceless and has been removed.
The signal
"read_buf/U0/xst_fifo_generator/gconvfifo.rf/grf.rf/gntv_or_sync_fifo.gl0.wr/gwa
s.wsts/ram_full_i" is sourceless and has been removed.
The signal
"read_buf/U0/xst_fifo_generator/gconvfifo.rf/grf.rf/gntv_or_sync_fifo.gl0.rd/gra
s.rsts/ram_empty_i" is sourceless and has been removed.
The signal
"read_buf/U0/xst_fifo_generator/gconvfifo.rf/grf.rf/gntv_or_sync_fifo.gl0.rd/gra
s.grdc1.rdc/Msub_GND_187_o_GND_187_o_sub_2_OUT<7:0>_cy<6>" is sourceless and has
been removed.
 Sourceless block
"read_buf/U0/xst_fifo_generator/gconvfifo.rf/grf.rf/gntv_or_sync_fifo.gl0.rd/gra
s.grdc1.rdc/Msub_GND_187_o_GND_187_o_sub_2_OUT<7:0>_xor<7>" (XOR) removed.
  The signal
"read_buf/U0/xst_fifo_generator/gconvfifo.rf/grf.rf/gntv_or_sync_fifo.gl0.rd/gra
s.grdc1.rdc/GND_187_o_GND_187_o_sub_2_OUT<7>" is sourceless and has been
removed.
   Sourceless block
"read_buf/U0/xst_fifo_generator/gconvfifo.rf/grf.rf/gntv_or_sync_fifo.gl0.rd/gra
s.grdc1.rdc/rd_dc_i_7" (FF) removed.
The signal
"read_buf/U0/xst_fifo_generator/gconvfifo.rf/grf.rf/gntv_or_sync_fifo.gl0.rd/gra
s.grdc1.rdc/Msub_GND_187_o_GND_187_o_sub_2_OUT<7:0>_lut<7>" is sourceless and
has been removed.
The signal
"read_buf/U0/xst_fifo_generator/gconvfifo.rf/grf.rf/gntv_or_sync_fifo.gl0.rd/gra
s.grdc1.rdc/Msub_GND_187_o_GND_187_o_sub_2_OUT<7:0>_cy<5>" is sourceless and has
been removed.
 Sourceless block
"read_buf/U0/xst_fifo_generator/gconvfifo.rf/grf.rf/gntv_or_sync_fifo.gl0.rd/gra
s.grdc1.rdc/Msub_GND_187_o_GND_187_o_sub_2_OUT<7:0>_xor<6>" (XOR) removed.
  The signal
"read_buf/U0/xst_fifo_generator/gconvfifo.rf/grf.rf/gntv_or_sync_fifo.gl0.rd/gra
s.grdc1.rdc/GND_187_o_GND_187_o_sub_2_OUT<6>" is sourceless and has been
removed.
   Sourceless block
"read_buf/U0/xst_fifo_generator/gconvfifo.rf/grf.rf/gntv_or_sync_fifo.gl0.rd/gra
s.grdc1.rdc/rd_dc_i_6" (FF) removed.
 Sourceless block
"read_buf/U0/xst_fifo_generator/gconvfifo.rf/grf.rf/gntv_or_sync_fifo.gl0.rd/gra
s.grdc1.rdc/Msub_GND_187_o_GND_187_o_sub_2_OUT<7:0>_cy<6>" (MUX) removed.
The signal
"read_buf/U0/xst_fifo_generator/gconvfifo.rf/grf.rf/gntv_or_sync_fifo.gl0.rd/gra
s.grdc1.rdc/Msub_GND_187_o_GND_187_o_sub_2_OUT<7:0>_lut<6>" is sourceless and
has been removed.
The signal
"read_buf/U0/xst_fifo_generator/gconvfifo.rf/grf.rf/gntv_or_sync_fifo.gl0.rd/gra
s.grdc1.rdc/Msub_GND_187_o_GND_187_o_sub_2_OUT<7:0>_cy<4>" is sourceless and has
been removed.
 Sourceless block
"read_buf/U0/xst_fifo_generator/gconvfifo.rf/grf.rf/gntv_or_sync_fifo.gl0.rd/gra
s.grdc1.rdc/Msub_GND_187_o_GND_187_o_sub_2_OUT<7:0>_xor<5>" (XOR) removed.
  The signal
"read_buf/U0/xst_fifo_generator/gconvfifo.rf/grf.rf/gntv_or_sync_fifo.gl0.rd/gra
s.grdc1.rdc/GND_187_o_GND_187_o_sub_2_OUT<5>" is sourceless and has been
removed.
   Sourceless block
"read_buf/U0/xst_fifo_generator/gconvfifo.rf/grf.rf/gntv_or_sync_fifo.gl0.rd/gra
s.grdc1.rdc/rd_dc_i_5" (FF) removed.
 Sourceless block
"read_buf/U0/xst_fifo_generator/gconvfifo.rf/grf.rf/gntv_or_sync_fifo.gl0.rd/gra
s.grdc1.rdc/Msub_GND_187_o_GND_187_o_sub_2_OUT<7:0>_cy<5>" (MUX) removed.
The signal
"read_buf/U0/xst_fifo_generator/gconvfifo.rf/grf.rf/gntv_or_sync_fifo.gl0.rd/gra
s.grdc1.rdc/Msub_GND_187_o_GND_187_o_sub_2_OUT<7:0>_lut<5>" is sourceless and
has been removed.
The signal
"read_buf/U0/xst_fifo_generator/gconvfifo.rf/grf.rf/gntv_or_sync_fifo.gl0.rd/gra
s.grdc1.rdc/Msub_GND_187_o_GND_187_o_sub_2_OUT<7:0>_cy<3>" is sourceless and has
been removed.
 Sourceless block
"read_buf/U0/xst_fifo_generator/gconvfifo.rf/grf.rf/gntv_or_sync_fifo.gl0.rd/gra
s.grdc1.rdc/Msub_GND_187_o_GND_187_o_sub_2_OUT<7:0>_xor<4>" (XOR) removed.
  The signal
"read_buf/U0/xst_fifo_generator/gconvfifo.rf/grf.rf/gntv_or_sync_fifo.gl0.rd/gra
s.grdc1.rdc/GND_187_o_GND_187_o_sub_2_OUT<4>" is sourceless and has been
removed.
   Sourceless block
"read_buf/U0/xst_fifo_generator/gconvfifo.rf/grf.rf/gntv_or_sync_fifo.gl0.rd/gra
s.grdc1.rdc/rd_dc_i_4" (FF) removed.
 Sourceless block
"read_buf/U0/xst_fifo_generator/gconvfifo.rf/grf.rf/gntv_or_sync_fifo.gl0.rd/gra
s.grdc1.rdc/Msub_GND_187_o_GND_187_o_sub_2_OUT<7:0>_cy<4>" (MUX) removed.
The signal
"read_buf/U0/xst_fifo_generator/gconvfifo.rf/grf.rf/gntv_or_sync_fifo.gl0.rd/gra
s.grdc1.rdc/Msub_GND_187_o_GND_187_o_sub_2_OUT<7:0>_lut<4>" is sourceless and
has been removed.
The signal
"read_buf/U0/xst_fifo_generator/gconvfifo.rf/grf.rf/gntv_or_sync_fifo.gl0.rd/gra
s.grdc1.rdc/Msub_GND_187_o_GND_187_o_sub_2_OUT<7:0>_cy<2>" is sourceless and has
been removed.
 Sourceless block
"read_buf/U0/xst_fifo_generator/gconvfifo.rf/grf.rf/gntv_or_sync_fifo.gl0.rd/gra
s.grdc1.rdc/Msub_GND_187_o_GND_187_o_sub_2_OUT<7:0>_xor<3>" (XOR) removed.
  The signal
"read_buf/U0/xst_fifo_generator/gconvfifo.rf/grf.rf/gntv_or_sync_fifo.gl0.rd/gra
s.grdc1.rdc/GND_187_o_GND_187_o_sub_2_OUT<3>" is sourceless and has been
removed.
   Sourceless block
"read_buf/U0/xst_fifo_generator/gconvfifo.rf/grf.rf/gntv_or_sync_fifo.gl0.rd/gra
s.grdc1.rdc/rd_dc_i_3" (FF) removed.
 Sourceless block
"read_buf/U0/xst_fifo_generator/gconvfifo.rf/grf.rf/gntv_or_sync_fifo.gl0.rd/gra
s.grdc1.rdc/Msub_GND_187_o_GND_187_o_sub_2_OUT<7:0>_cy<3>" (MUX) removed.
The signal
"read_buf/U0/xst_fifo_generator/gconvfifo.rf/grf.rf/gntv_or_sync_fifo.gl0.rd/gra
s.grdc1.rdc/Msub_GND_187_o_GND_187_o_sub_2_OUT<7:0>_lut<3>" is sourceless and
has been removed.
The signal
"read_buf/U0/xst_fifo_generator/gconvfifo.rf/grf.rf/gntv_or_sync_fifo.gl0.rd/gra
s.grdc1.rdc/Msub_GND_187_o_GND_187_o_sub_2_OUT<7:0>_cy<1>" is sourceless and has
been removed.
 Sourceless block
"read_buf/U0/xst_fifo_generator/gconvfifo.rf/grf.rf/gntv_or_sync_fifo.gl0.rd/gra
s.grdc1.rdc/Msub_GND_187_o_GND_187_o_sub_2_OUT<7:0>_xor<2>" (XOR) removed.
  The signal
"read_buf/U0/xst_fifo_generator/gconvfifo.rf/grf.rf/gntv_or_sync_fifo.gl0.rd/gra
s.grdc1.rdc/GND_187_o_GND_187_o_sub_2_OUT<2>" is sourceless and has been
removed.
   Sourceless block
"read_buf/U0/xst_fifo_generator/gconvfifo.rf/grf.rf/gntv_or_sync_fifo.gl0.rd/gra
s.grdc1.rdc/rd_dc_i_2" (FF) removed.
 Sourceless block
"read_buf/U0/xst_fifo_generator/gconvfifo.rf/grf.rf/gntv_or_sync_fifo.gl0.rd/gra
s.grdc1.rdc/Msub_GND_187_o_GND_187_o_sub_2_OUT<7:0>_cy<2>" (MUX) removed.
The signal
"read_buf/U0/xst_fifo_generator/gconvfifo.rf/grf.rf/gntv_or_sync_fifo.gl0.rd/gra
s.grdc1.rdc/Msub_GND_187_o_GND_187_o_sub_2_OUT<7:0>_lut<2>" is sourceless and
has been removed.
The signal
"read_buf/U0/xst_fifo_generator/gconvfifo.rf/grf.rf/gntv_or_sync_fifo.gl0.rd/gra
s.grdc1.rdc/Msub_GND_187_o_GND_187_o_sub_2_OUT<7:0>_cy<0>" is sourceless and has
been removed.
 Sourceless block
"read_buf/U0/xst_fifo_generator/gconvfifo.rf/grf.rf/gntv_or_sync_fifo.gl0.rd/gra
s.grdc1.rdc/Msub_GND_187_o_GND_187_o_sub_2_OUT<7:0>_xor<1>" (XOR) removed.
  The signal
"read_buf/U0/xst_fifo_generator/gconvfifo.rf/grf.rf/gntv_or_sync_fifo.gl0.rd/gra
s.grdc1.rdc/GND_187_o_GND_187_o_sub_2_OUT<1>" is sourceless and has been
removed.
   Sourceless block
"read_buf/U0/xst_fifo_generator/gconvfifo.rf/grf.rf/gntv_or_sync_fifo.gl0.rd/gra
s.grdc1.rdc/rd_dc_i_1" (FF) removed.
 Sourceless block
"read_buf/U0/xst_fifo_generator/gconvfifo.rf/grf.rf/gntv_or_sync_fifo.gl0.rd/gra
s.grdc1.rdc/Msub_GND_187_o_GND_187_o_sub_2_OUT<7:0>_cy<1>" (MUX) removed.
The signal
"read_buf/U0/xst_fifo_generator/gconvfifo.rf/grf.rf/gntv_or_sync_fifo.gl0.rd/gra
s.grdc1.rdc/Msub_GND_187_o_GND_187_o_sub_2_OUT<7:0>_lut<1>" is sourceless and
has been removed.
The signal
"read_buf/U0/xst_fifo_generator/gconvfifo.rf/grf.rf/gntv_or_sync_fifo.gl0.rd/gra
s.grdc1.rdc/Msub_GND_187_o_GND_187_o_sub_2_OUT<7:0>_lut<0>" is sourceless and
has been removed.
 Sourceless block
"read_buf/U0/xst_fifo_generator/gconvfifo.rf/grf.rf/gntv_or_sync_fifo.gl0.rd/gra
s.grdc1.rdc/Msub_GND_187_o_GND_187_o_sub_2_OUT<7:0>_xor<0>" (XOR) removed.
  The signal
"read_buf/U0/xst_fifo_generator/gconvfifo.rf/grf.rf/gntv_or_sync_fifo.gl0.rd/gra
s.grdc1.rdc/GND_187_o_GND_187_o_sub_2_OUT<0>" is sourceless and has been
removed.
   Sourceless block
"read_buf/U0/xst_fifo_generator/gconvfifo.rf/grf.rf/gntv_or_sync_fifo.gl0.rd/gra
s.grdc1.rdc/rd_dc_i_0" (FF) removed.
 Sourceless block
"read_buf/U0/xst_fifo_generator/gconvfifo.rf/grf.rf/gntv_or_sync_fifo.gl0.rd/gra
s.grdc1.rdc/Msub_GND_187_o_GND_187_o_sub_2_OUT<7:0>_cy<0>" (MUX) removed.
The signal
"read_buf/U0/xst_fifo_generator/gconvfifo.rf/grf.rf/gntv_or_sync_fifo.gl0.wr/gwa
s.gwdc0.wdc/GND_193_o_GND_193_o_sub_2_OUT<6>" is sourceless and has been
removed.
 Sourceless block
"read_buf/U0/xst_fifo_generator/gconvfifo.rf/grf.rf/gntv_or_sync_fifo.gl0.wr/gwa
s.gwdc0.wdc/wr_data_count_i_6" (FF) removed.
The signal
"read_buf/U0/xst_fifo_generator/gconvfifo.rf/grf.rf/gntv_or_sync_fifo.gl0.wr/gwa
s.gwdc0.wdc/GND_193_o_GND_193_o_sub_2_OUT<5>" is sourceless and has been
removed.
 Sourceless block
"read_buf/U0/xst_fifo_generator/gconvfifo.rf/grf.rf/gntv_or_sync_fifo.gl0.wr/gwa
s.gwdc0.wdc/wr_data_count_i_5" (FF) removed.
The signal
"read_buf/U0/xst_fifo_generator/gconvfifo.rf/grf.rf/gntv_or_sync_fifo.gl0.wr/gwa
s.gwdc0.wdc/GND_193_o_GND_193_o_sub_2_OUT<4>" is sourceless and has been
removed.
 Sourceless block
"read_buf/U0/xst_fifo_generator/gconvfifo.rf/grf.rf/gntv_or_sync_fifo.gl0.wr/gwa
s.gwdc0.wdc/wr_data_count_i_4" (FF) removed.
The signal
"read_buf/U0/xst_fifo_generator/gconvfifo.rf/grf.rf/gntv_or_sync_fifo.gl0.wr/gwa
s.gwdc0.wdc/GND_193_o_GND_193_o_sub_2_OUT<3>" is sourceless and has been
removed.
 Sourceless block
"read_buf/U0/xst_fifo_generator/gconvfifo.rf/grf.rf/gntv_or_sync_fifo.gl0.wr/gwa
s.gwdc0.wdc/wr_data_count_i_3" (FF) removed.
The signal
"read_buf/U0/xst_fifo_generator/gconvfifo.rf/grf.rf/gntv_or_sync_fifo.gl0.wr/gwa
s.gwdc0.wdc/GND_193_o_GND_193_o_sub_2_OUT<2>" is sourceless and has been
removed.
 Sourceless block
"read_buf/U0/xst_fifo_generator/gconvfifo.rf/grf.rf/gntv_or_sync_fifo.gl0.wr/gwa
s.gwdc0.wdc/wr_data_count_i_2" (FF) removed.
The signal
"read_buf/U0/xst_fifo_generator/gconvfifo.rf/grf.rf/gntv_or_sync_fifo.gl0.wr/gwa
s.gwdc0.wdc/GND_193_o_GND_193_o_sub_2_OUT<1>" is sourceless and has been
removed.
 Sourceless block
"read_buf/U0/xst_fifo_generator/gconvfifo.rf/grf.rf/gntv_or_sync_fifo.gl0.wr/gwa
s.gwdc0.wdc/wr_data_count_i_1" (FF) removed.
The signal
"read_buf/U0/xst_fifo_generator/gconvfifo.rf/grf.rf/gntv_or_sync_fifo.gl0.wr/gwa
s.gwdc0.wdc/GND_193_o_GND_193_o_sub_2_OUT<0>" is sourceless and has been
removed.
 Sourceless block
"read_buf/U0/xst_fifo_generator/gconvfifo.rf/grf.rf/gntv_or_sync_fifo.gl0.wr/gwa
s.gwdc0.wdc/wr_data_count_i_0" (FF) removed.
Unused block
"read_buf/U0/xst_fifo_generator/gconvfifo.rf/grf.rf/gntv_or_sync_fifo.gl0.rd/gra
s.grdc1.rdc/Msub_GND_187_o_GND_187_o_sub_2_OUT<7:0>_lut<0>" (ROM) removed.
Unused block
"read_buf/U0/xst_fifo_generator/gconvfifo.rf/grf.rf/gntv_or_sync_fifo.gl0.rd/gra
s.grdc1.rdc/Msub_GND_187_o_GND_187_o_sub_2_OUT<7:0>_lut<1>" (ROM) removed.
Unused block
"read_buf/U0/xst_fifo_generator/gconvfifo.rf/grf.rf/gntv_or_sync_fifo.gl0.rd/gra
s.grdc1.rdc/Msub_GND_187_o_GND_187_o_sub_2_OUT<7:0>_lut<2>" (ROM) removed.
Unused block
"read_buf/U0/xst_fifo_generator/gconvfifo.rf/grf.rf/gntv_or_sync_fifo.gl0.rd/gra
s.grdc1.rdc/Msub_GND_187_o_GND_187_o_sub_2_OUT<7:0>_lut<3>" (ROM) removed.
Unused block
"read_buf/U0/xst_fifo_generator/gconvfifo.rf/grf.rf/gntv_or_sync_fifo.gl0.rd/gra
s.grdc1.rdc/Msub_GND_187_o_GND_187_o_sub_2_OUT<7:0>_lut<4>" (ROM) removed.
Unused block
"read_buf/U0/xst_fifo_generator/gconvfifo.rf/grf.rf/gntv_or_sync_fifo.gl0.rd/gra
s.grdc1.rdc/Msub_GND_187_o_GND_187_o_sub_2_OUT<7:0>_lut<5>" (ROM) removed.
Unused block
"read_buf/U0/xst_fifo_generator/gconvfifo.rf/grf.rf/gntv_or_sync_fifo.gl0.rd/gra
s.grdc1.rdc/Msub_GND_187_o_GND_187_o_sub_2_OUT<7:0>_lut<6>" (ROM) removed.
Unused block
"read_buf/U0/xst_fifo_generator/gconvfifo.rf/grf.rf/gntv_or_sync_fifo.gl0.rd/gra
s.grdc1.rdc/Msub_GND_187_o_GND_187_o_sub_2_OUT<7:0>_lut<7>" (ROM) removed.
Unused block
"read_buf/U0/xst_fifo_generator/gconvfifo.rf/grf.rf/gntv_or_sync_fifo.gl0.rd/gra
s.rsts/ram_empty_i" (FF) removed.
Unused block
"read_buf/U0/xst_fifo_generator/gconvfifo.rf/grf.rf/gntv_or_sync_fifo.gl0.wr/gwa
s.gwdc0.wdc/Msub_GND_193_o_GND_193_o_sub_2_OUT<7:0>_xor<0>" (XOR) removed.
Unused block
"read_buf/U0/xst_fifo_generator/gconvfifo.rf/grf.rf/gntv_or_sync_fifo.gl0.wr/gwa
s.gwdc0.wdc/Msub_GND_193_o_GND_193_o_sub_2_OUT<7:0>_xor<1>" (XOR) removed.
Unused block
"read_buf/U0/xst_fifo_generator/gconvfifo.rf/grf.rf/gntv_or_sync_fifo.gl0.wr/gwa
s.gwdc0.wdc/Msub_GND_193_o_GND_193_o_sub_2_OUT<7:0>_xor<2>" (XOR) removed.
Unused block
"read_buf/U0/xst_fifo_generator/gconvfifo.rf/grf.rf/gntv_or_sync_fifo.gl0.wr/gwa
s.gwdc0.wdc/Msub_GND_193_o_GND_193_o_sub_2_OUT<7:0>_xor<3>" (XOR) removed.
Unused block
"read_buf/U0/xst_fifo_generator/gconvfifo.rf/grf.rf/gntv_or_sync_fifo.gl0.wr/gwa
s.gwdc0.wdc/Msub_GND_193_o_GND_193_o_sub_2_OUT<7:0>_xor<4>" (XOR) removed.
Unused block
"read_buf/U0/xst_fifo_generator/gconvfifo.rf/grf.rf/gntv_or_sync_fifo.gl0.wr/gwa
s.gwdc0.wdc/Msub_GND_193_o_GND_193_o_sub_2_OUT<7:0>_xor<5>" (XOR) removed.
Unused block
"read_buf/U0/xst_fifo_generator/gconvfifo.rf/grf.rf/gntv_or_sync_fifo.gl0.wr/gwa
s.gwdc0.wdc/Msub_GND_193_o_GND_193_o_sub_2_OUT<7:0>_xor<6>" (XOR) removed.
Unused block
"read_buf/U0/xst_fifo_generator/gconvfifo.rf/grf.rf/gntv_or_sync_fifo.gl0.wr/gwa
s.wsts/ram_full_i" (FF) removed.

Optimized Block(s):
TYPE 		BLOCK
GND 		XST_GND
VCC 		XST_VCC
GND
		read_buf/U0/xst_fifo_generator/gconvfifo.rf/grf.rf/gntv_or_sync_fifo.mem/gbm.g
bmg.gbmga.ngecc.bmg/gnativebmg.native_blk_mem_gen/valid.cstr/XST_GND
GND 		read_buf/XST_GND
VCC 		read_buf/XST_VCC

To enable printing of redundant blocks removed and signals merged, set the
detailed map report option and rerun map.

Section 11 - Timing Report
--------------------------
INFO:Timing:3284 - This timing report was generated using estimated delay 
   information.  For accurate numbers, please refer to the post Place and Route 
   timing report.
Number of Timing Constraints that were not applied: 1

Asterisk (*) preceding a constraint indicates it was not met.
   This may be due to a setup or hold violation.

----------------------------------------------------------------------------------------------------------
  Constraint                                |    Check    | Worst Case |  Best Case | Timing |   Timing   
                                            |             |    Slack   | Achievable | Errors |    Score   
----------------------------------------------------------------------------------------------------------
* TS_video_pll_m0_clkfx = PERIOD TIMEGRP "v | SETUP       |    -1.058ns|    43.641ns|      10|        8718
  ideo_pll_m0_clkfx" TS_sys_clk_pin * 1.3 H | HOLD        |     0.132ns|            |       0|           0
  IGH 50%                                   |             |            |            |        |            
----------------------------------------------------------------------------------------------------------
* TS_sys_pll_m0_clkout2 = PERIOD TIMEGRP "s | SETUP       |    -1.002ns|    61.917ns|       9|        8490
  ys_pll_m0_clkout2" TS_sys_clk_pin * 2 PHA | HOLD        |     0.132ns|            |       0|           0
  SE 2.5 ns HIGH 50%                        |             |            |            |        |            
----------------------------------------------------------------------------------------------------------
  TS_sys_clk_pin = PERIOD TIMEGRP "sys_clk_ | MINLOWPULSE |    12.000ns|     8.000ns|       0|           0
  pin" 50 MHz HIGH 50%                      |             |            |            |        |            
----------------------------------------------------------------------------------------------------------


Derived Constraint Report
Review Timing Report for more details on the following derived constraints.
To create a Timing Report, run "trce -v 12 -fastpaths -o design_timing_report design.ncd design.pcf"
or "Run Timing Analysis" from Timing Analyzer (timingan).
Derived Constraints for TS_sys_clk_pin
+-------------------------------+-------------+-------------+-------------+-------------+-------------+-------------+-------------+
|                               |   Period    |       Actual Period       |      Timing Errors        |      Paths Analyzed       |
|           Constraint          | Requirement |-------------+-------------|-------------+-------------|-------------+-------------|
|                               |             |   Direct    | Derivative  |   Direct    | Derivative  |   Direct    | Derivative  |
+-------------------------------+-------------+-------------+-------------+-------------+-------------+-------------+-------------+
|TS_sys_clk_pin                 |     20.000ns|      8.000ns|    123.834ns|            0|           19|            0|        12214|
| TS_video_pll_m0_clkfx         |     15.385ns|     43.641ns|          N/A|           10|            0|          987|            0|
| TS_sys_pll_m0_clkout2         |     10.000ns|     61.917ns|          N/A|            9|            0|        11227|            0|
+-------------------------------+-------------+-------------+-------------+-------------+-------------+-------------+-------------+

2 constraints not met.



Section 6 - IOB Properties
--------------------------

+---------------------------------------------------------------------------------------------------------------------------------------------------------+
| IOB Name                           | Type             | Direction | IO Standard          | Diff  | Drive    | Slew | Reg (s)      | Resistor | IOB      |
|                                    |                  |           |                      | Term  | Strength | Rate |              |          | Delay    |
+---------------------------------------------------------------------------------------------------------------------------------------------------------+
| clk                                | IOB              | INPUT     | LVCMOS25             |       |          |      |              |          |          |
| rst_n                              | IOB              | INPUT     | LVCMOS33             |       |          |      |              |          |          |
| sdram_addr<0>                      | IOB              | OUTPUT    | LVCMOS33             |       | 12       | FAST |              |          |          |
| sdram_addr<1>                      | IOB              | OUTPUT    | LVCMOS33             |       | 12       | FAST |              |          |          |
| sdram_addr<2>                      | IOB              | OUTPUT    | LVCMOS33             |       | 12       | FAST |              |          |          |
| sdram_addr<3>                      | IOB              | OUTPUT    | LVCMOS33             |       | 12       | FAST |              |          |          |
| sdram_addr<4>                      | IOB              | OUTPUT    | LVCMOS33             |       | 12       | FAST |              |          |          |
| sdram_addr<5>                      | IOB              | OUTPUT    | LVCMOS33             |       | 12       | FAST |              |          |          |
| sdram_addr<6>                      | IOB              | OUTPUT    | LVCMOS33             |       | 12       | FAST |              |          |          |
| sdram_addr<7>                      | IOB              | OUTPUT    | LVCMOS33             |       | 12       | FAST |              |          |          |
| sdram_addr<8>                      | IOB              | OUTPUT    | LVCMOS33             |       | 12       | FAST |              |          |          |
| sdram_addr<9>                      | IOB              | OUTPUT    | LVCMOS33             |       | 12       | FAST |              |          |          |
| sdram_addr<10>                     | IOB              | OUTPUT    | LVCMOS33             |       | 12       | FAST |              |          |          |
| sdram_addr<11>                     | IOB              | OUTPUT    | LVCMOS33             |       | 12       | FAST |              |          |          |
| sdram_addr<12>                     | IOB              | OUTPUT    | LVCMOS33             |       | 12       | FAST |              |          |          |
| sdram_ba<0>                        | IOB              | OUTPUT    | LVCMOS33             |       | 12       | FAST |              |          |          |
| sdram_ba<1>                        | IOB              | OUTPUT    | LVCMOS33             |       | 12       | FAST |              |          |          |
| sdram_cas_n                        | IOB              | OUTPUT    | LVCMOS33             |       | 12       | FAST |              |          |          |
| sdram_cke                          | IOB              | OUTPUT    | LVCMOS33             |       | 12       | FAST |              |          |          |
| sdram_clk                          | IOB              | OUTPUT    | LVCMOS33             |       | 12       | FAST |              |          |          |
| sdram_cs_n                         | IOB              | OUTPUT    | LVCMOS33             |       | 12       | FAST |              |          |          |
| sdram_dq<0>                        | IOB              | BIDIR     | LVCMOS33             |       | 12       | FAST |              |          |          |
| sdram_dq<1>                        | IOB              | BIDIR     | LVCMOS33             |       | 12       | FAST |              |          |          |
| sdram_dq<2>                        | IOB              | BIDIR     | LVCMOS33             |       | 12       | FAST |              |          |          |
| sdram_dq<3>                        | IOB              | BIDIR     | LVCMOS33             |       | 12       | FAST |              |          |          |
| sdram_dq<4>                        | IOB              | BIDIR     | LVCMOS33             |       | 12       | FAST |              |          |          |
| sdram_dq<5>                        | IOB              | BIDIR     | LVCMOS33             |       | 12       | FAST |              |          |          |
| sdram_dq<6>                        | IOB              | BIDIR     | LVCMOS33             |       | 12       | FAST |              |          |          |
| sdram_dq<7>                        | IOB              | BIDIR     | LVCMOS33             |       | 12       | FAST |              |          |          |
| sdram_dq<8>                        | IOB              | BIDIR     | LVCMOS33             |       | 12       | FAST |              |          |          |
| sdram_dq<9>                        | IOB              | BIDIR     | LVCMOS33             |       | 12       | FAST |              |          |          |
| sdram_dq<10>                       | IOB              | BIDIR     | LVCMOS33             |       | 12       | FAST |              |          |          |
| sdram_dq<11>                       | IOB              | BIDIR     | LVCMOS33             |       | 12       | FAST |              |          |          |
| sdram_dq<12>                       | IOB              | BIDIR     | LVCMOS33             |       | 12       | FAST |              |          |          |
| sdram_dq<13>                       | IOB              | BIDIR     | LVCMOS33             |       | 12       | FAST |              |          |          |
| sdram_dq<14>                       | IOB              | BIDIR     | LVCMOS33             |       | 12       | FAST |              |          |          |
| sdram_dq<15>                       | IOB              | BIDIR     | LVCMOS33             |       | 12       | FAST |              |          |          |
| sdram_dqm<0>                       | IOB              | OUTPUT    | LVCMOS33             |       | 12       | FAST |              |          |          |
| sdram_dqm<1>                       | IOB              | OUTPUT    | LVCMOS33             |       | 12       | FAST |              |          |          |
| sdram_ras_n                        | IOB              | OUTPUT    | LVCMOS33             |       | 12       | FAST |              |          |          |
| sdram_we_n                         | IOB              | OUTPUT    | LVCMOS33             |       | 12       | FAST |              |          |          |
| vga_out_b<0>                       | IOB              | OUTPUT    | LVCMOS33             |       | 12       | FAST |              |          |          |
| vga_out_b<1>                       | IOB              | OUTPUT    | LVCMOS33             |       | 12       | FAST |              |          |          |
| vga_out_b<2>                       | IOB              | OUTPUT    | LVCMOS33             |       | 12       | FAST |              |          |          |
| vga_out_b<3>                       | IOB              | OUTPUT    | LVCMOS33             |       | 12       | FAST |              |          |          |
| vga_out_b<4>                       | IOB              | OUTPUT    | LVCMOS33             |       | 12       | FAST |              |          |          |
| vga_out_g<0>                       | IOB              | OUTPUT    | LVCMOS33             |       | 12       | FAST |              |          |          |
| vga_out_g<1>                       | IOB              | OUTPUT    | LVCMOS33             |       | 12       | FAST |              |          |          |
| vga_out_g<2>                       | IOB              | OUTPUT    | LVCMOS33             |       | 12       | FAST |              |          |          |
| vga_out_g<3>                       | IOB              | OUTPUT    | LVCMOS33             |       | 12       | FAST |              |          |          |
| vga_out_g<4>                       | IOB              | OUTPUT    | LVCMOS33             |       | 12       | FAST |              |          |          |
| vga_out_g<5>                       | IOB              | OUTPUT    | LVCMOS33             |       | 12       | FAST |              |          |          |
| vga_out_hs                         | IOB              | OUTPUT    | LVCMOS33             |       | 12       | FAST |              |          |          |
| vga_out_r<0>                       | IOB              | OUTPUT    | LVCMOS33             |       | 12       | FAST |              |          |          |
| vga_out_r<1>                       | IOB              | OUTPUT    | LVCMOS33             |       | 12       | FAST |              |          |          |
| vga_out_r<2>                       | IOB              | OUTPUT    | LVCMOS33             |       | 12       | FAST |              |          |          |
| vga_out_r<3>                       | IOB              | OUTPUT    | LVCMOS33             |       | 12       | FAST |              |          |          |
| vga_out_r<4>                       | IOB              | OUTPUT    | LVCMOS33             |       | 12       | FAST |              |          |          |
| vga_out_vs                         | IOB              | OUTPUT    | LVCMOS33             |       | 12       | FAST |              |          |          |
+---------------------------------------------------------------------------------------------------------------------------------------------------------+

Section 7 - RPMs
----------------

Section 8 - Guide Report
------------------------
Guide not run on this design.

Section 9 - Area Group and Partition Summary
--------------------------------------------

Partition Implementation Status
-------------------------------

  No Partitions were found in this design.

-------------------------------

Area Group Information
----------------------

  No area groups were found in this design.

----------------------

Section 10 - Timing Report
--------------------------
A logic-level (pre-route) timing report can be generated by using Xilinx static
timing analysis tools, Timing Analyzer (GUI) or TRCE (command line), with the
mapped NCD and PCF files. Please note that this timing report will be generated
using estimated delay information. For accurate numbers, please generate a
timing report with the post Place and Route NCD file.

For more information about the Timing Analyzer, consult the Xilinx Timing
Analyzer Reference Manual; for more information about TRCE, consult the Xilinx
Command Line Tools User Guide "TRACE" chapter.

Section 11 - Configuration String Details
-----------------------------------------
Use the "-detail" map option to print out Configuration Strings

Section 12 - Control Set Information
------------------------------------
Use the "-detail" map option to print out Control Set Information.

Section 13 - Utilization by Hierarchy
-------------------------------------
Use the "-detail" map option to print out the Utilization by Hierarchy section.
