INFO:sim:172 - Generating IP...
Resolving generics for 'osd_rom'...
Applying external generics to 'osd_rom'...
Delivering associated files for 'osd_rom'...
Delivering EJava files for 'osd_rom'...
Generating implementation netlist for 'osd_rom'...
INFO:sim - Pre-processing HDL files for 'osd_rom'...
Running synthesis for 'osd_rom'
Running ngcbuild...
Writing VEO instantiation template for 'osd_rom'...
Writing Verilog behavioral simulation model for 'osd_rom'...
WARNING:sim - Overwriting existing file
   C:/Xilinx/14.7/ISE_DS/SysGen/project/an070_lcd_char/ipcore_dir/tmp/_cg/osd_ro
   m/doc/blk_mem_gen_v7_3_vinfo.html with file from view xilinx_documentation
Delivered 1 file into directory
C:/Xilinx/14.7/ISE_DS/SysGen/project/an070_lcd_char/ipcore_dir/tmp/_cg/osd_rom
Generating ASY schematic symbol...
INFO:sim:949 - Finished generation of ASY schematic symbol.
Generating SYM schematic symbol for 'osd_rom'...
Generating metadata file...
Generating ISE project file for 'osd_rom'...
Generating ISE project...
XCO file found: osd_rom.xco
XMDF file found: osd_rom_xmdf.tcl
Adding
C:/Xilinx/14.7/ISE_DS/SysGen/project/an070_lcd_char/ipcore_dir/tmp/_cg/osd_rom.a
sy -view all -origin_type imported
Adding
C:/Xilinx/14.7/ISE_DS/SysGen/project/an070_lcd_char/ipcore_dir/tmp/_cg/osd_rom.n
gc -view all -origin_type created
Checking file
"C:/Xilinx/14.7/ISE_DS/SysGen/project/an070_lcd_char/ipcore_dir/tmp/_cg/osd_rom.
ngc" for project device match ...
File
"C:/Xilinx/14.7/ISE_DS/SysGen/project/an070_lcd_char/ipcore_dir/tmp/_cg/osd_rom.
ngc" device information matches project device.
Adding
C:/Xilinx/14.7/ISE_DS/SysGen/project/an070_lcd_char/ipcore_dir/tmp/_cg/osd_rom.s
ym -view all -origin_type imported
Adding
C:/Xilinx/14.7/ISE_DS/SysGen/project/an070_lcd_char/ipcore_dir/tmp/_cg/osd_rom.v
-view all -origin_type created
INFO:HDLCompiler:1845 - Analyzing Verilog file
   "C:/Xilinx/14.7/ISE_DS/SysGen/project/an070_lcd_char/ipcore_dir/tmp/_cg/osd_r
   om.v" into library work
INFO:ProjectMgmt - Parsing design hierarchy completed successfully.
Adding
C:/Xilinx/14.7/ISE_DS/SysGen/project/an070_lcd_char/ipcore_dir/tmp/_cg/osd_rom.v
eo -view all -origin_type imported
INFO:TclTasksC:2116 - The automatic calculation of top has been turned-off.
   Please set the new top explicitly by running the "project set top" command.
   To re-calculate the new top automatically, set the "Auto Implementation Top"
   property to true.
Top level has been set to "/osd_rom"
Generating README file...
Generating FLIST file...
INFO:sim:948 - Finished FLIST file generation.
Launching README viewer...
Moving files to output directory...
Finished moving files to output directory
Wrote CGP file for project 'osd_rom'.
