INFO:sim:172 - Generating IP...
Applying current project options...
Finished applying current project options.
WARNING:sim - A core named 'sys_pll' already exists in the project. Output
   products for this core may be overwritten.
Resolving generics for 'sys_pll'...
WARNING:sim - A core named 'sys_pll' already exists in the project. Output
   products for this core may be overwritten.
Applying external generics to 'sys_pll'...
Delivering associated files for 'sys_pll'...
WARNING:sim - Component clk_wiz_v3_6 does not have a valid model name for
   Verilog synthesis
Delivering EJava files for 'sys_pll'...
Delivered 3 files into directory
E:/BaiduYunDownload/AX309.190502/demo/17_1_sd_sdram_vga/ipcore_dir/tmp/_cg/sys_p
ll
Delivered 1 file into directory
E:/BaiduYunDownload/AX309.190502/demo/17_1_sd_sdram_vga/ipcore_dir/tmp/_cg/sys_p
ll
Generating ASY schematic symbol...
Loading device for application Rf_Device from file '6slx9.nph' in environment
C:\Xilinx\14.7\ISE_DS\ISE\.
INFO:sim:949 - Finished generation of ASY schematic symbol.
Generating SYM schematic symbol for 'sys_pll'...
Generating ISE project...
XCO file found: sys_pll.xco
XMDF file found: sys_pll_xmdf.tcl
Adding
E:/BaiduYunDownload/AX309.190502/demo/17_1_sd_sdram_vga/ipcore_dir/tmp/_cg/sys_p
ll.asy -view all -origin_type imported
Adding
E:/BaiduYunDownload/AX309.190502/demo/17_1_sd_sdram_vga/ipcore_dir/tmp/_cg/sys_p
ll.ucf -view all -origin_type created
Adding
E:/BaiduYunDownload/AX309.190502/demo/17_1_sd_sdram_vga/ipcore_dir/tmp/_cg/sys_p
ll.v -view all -origin_type created
INFO:HDLCompiler:1845 - Analyzing Verilog file
   "E:/BaiduYunDownload/AX309.190502/demo/17_1_sd_sdram_vga/ipcore_dir/tmp/_cg/s
   ys_pll.v" into library work
INFO:ProjectMgmt - Parsing design hierarchy completed successfully.
Adding
E:/BaiduYunDownload/AX309.190502/demo/17_1_sd_sdram_vga/ipcore_dir/tmp/_cg/sys_p
ll.veo -view all -origin_type imported
INFO:TclTasksC:2116 - The automatic calculation of top has been turned-off.
   Please set the new top explicitly by running the "project set top" command.
   To re-calculate the new top automatically, set the "Auto Implementation Top"
   property to true.
Top level has been set to "/sys_pll"
Generating README file...
Generating FLIST file...
INFO:sim:948 - Finished FLIST file generation.
Launching README viewer...
Moving files to output directory...
Finished moving files to output directory
Wrote CGP file for project 'sys_pll'.
