Release 14.7 - xst P.20131013 (lin64)
Copyright (c) 1995-2013 Xilinx, Inc.  All rights reserved.
--> 
Parameter TMPDIR set to xst/projnav.tmp


Total REAL time to Xst completion: 0.00 secs
Total CPU time to Xst completion: 0.01 secs
 
--> 
Parameter xsthdpdir set to xst


Total REAL time to Xst completion: 0.00 secs
Total CPU time to Xst completion: 0.01 secs
 
--> 
Reading design: top.prj

TABLE OF CONTENTS
  1) Synthesis Options Summary
  2) HDL Parsing
  3) HDL Elaboration
  4) HDL Synthesis
       4.1) HDL Synthesis Report
  5) Advanced HDL Synthesis
       5.1) Advanced HDL Synthesis Report
  6) Low Level Synthesis
  7) Partition Report
  8) Design Summary
       8.1) Primitive and Black Box Usage
       8.2) Device utilization summary
       8.3) Partition Resource Summary
       8.4) Timing Report
            8.4.1) Clock Information
            8.4.2) Asynchronous Control Signals Information
            8.4.3) Timing Summary
            8.4.4) Timing Details
            8.4.5) Cross Clock Domains Report


=========================================================================
*                      Synthesis Options Summary                        *
=========================================================================
---- Source Parameters
Input File Name                    : "top.prj"
Ignore Synthesis Constraint File   : NO

---- Target Parameters
Output File Name                   : "top"
Output Format                      : NGC
Target Device                      : xc6slx9-2-ftg256

---- Source Options
Top Module Name                    : top
Automatic FSM Extraction           : YES
FSM Encoding Algorithm             : Auto
Safe Implementation                : No
FSM Style                          : LUT
RAM Extraction                     : Yes
RAM Style                          : Auto
ROM Extraction                     : Yes
Shift Register Extraction          : YES
ROM Style                          : Auto
Resource Sharing                   : YES
Asynchronous To Synchronous        : NO
Shift Register Minimum Size        : 2
Use DSP Block                      : Auto
Automatic Register Balancing       : No

---- Target Options
LUT Combining                      : Auto
Reduce Control Sets                : Auto
Add IO Buffers                     : YES
Global Maximum Fanout              : 100000
Add Generic Clock Buffer(BUFG)     : 16
Register Duplication               : YES
Optimize Instantiated Primitives   : NO
Use Clock Enable                   : Auto
Use Synchronous Set                : Auto
Use Synchronous Reset              : Auto
Pack IO Registers into IOBs        : Auto
Equivalent register Removal        : YES

---- General Options
Optimization Goal                  : Speed
Optimization Effort                : 1
Power Reduction                    : NO
Keep Hierarchy                     : No
Netlist Hierarchy                  : As_Optimized
RTL Output                         : Yes
Global Optimization                : AllClockNets
Read Cores                         : YES
Write Timing Constraints           : NO
Cross Clock Analysis               : NO
Hierarchy Separator                : /
Bus Delimiter                      : <>
Case Specifier                     : Maintain
Slice Utilization Ratio            : 100
BRAM Utilization Ratio             : 100
DSP48 Utilization Ratio            : 100
Auto BRAM Packing                  : NO
Slice Utilization Ratio Delta      : 5

---- Other Options
Cores Search Directories           : {"ipcore_dir"  }

=========================================================================


=========================================================================
*                          HDL Parsing                                  *
=========================================================================
Analyzing Verilog file "/home/ise/hardware/ISEProjects/video_timing_data/ipcore_dir/video_pll.v" into library work
Parsing module <video_pll>.
Analyzing Verilog file "/home/ise/hardware/ISEProjects/video_timing_data/src/color_bar.v" into library work
Parsing verilog file "/home/ise/hardware/ISEProjects/video_timing_data/src/video_define.v" included at line 33.
Parsing module <color_bar>.
Analyzing Verilog file "/home/ise/hardware/ISEProjects/video_timing_data/src/top.v" into library work
Parsing verilog file "/home/ise/hardware/ISEProjects/video_timing_data/ipcore_dir/../../../HDL/computer/io/video_timing_data.v" included at line 2.
Parsing module <video_timing_data>.
Parsing module <top>.

=========================================================================
*                            HDL Elaboration                            *
=========================================================================

Elaborating module <top>.

Elaborating module <video_pll>.

Elaborating module <IBUFG>.

Elaborating module <DCM_SP(CLKDV_DIVIDE=2.0,CLKFX_DIVIDE=10,CLKFX_MULTIPLY=13,CLKIN_DIVIDE_BY_2="FALSE",CLKIN_PERIOD=20.0,CLKOUT_PHASE_SHIFT="NONE",CLK_FEEDBACK="1X",DESKEW_ADJUST="SYSTEM_SYNCHRONOUS",PHASE_SHIFT=0,STARTUP_WAIT="FALSE")>.
WARNING:HDLCompiler:1127 - "/home/ise/hardware/ISEProjects/video_timing_data/ipcore_dir/video_pll.v" Line 130: Assignment to status_int ignored, since the identifier is never used

Elaborating module <BUFG>.
WARNING:HDLCompiler:1127 - "/home/ise/hardware/ISEProjects/video_timing_data/src/top.v" Line 56: Assignment to LOCKED ignored, since the identifier is never used

Elaborating module <video_timing_data>.

Elaborating module <color_bar>.
WARNING:HDLCompiler:552 - "/home/ise/hardware/ISEProjects/video_timing_data/src/top.v" Line 60: Input port read_req_ack is not connected on this instance

=========================================================================
*                           HDL Synthesis                               *
=========================================================================

Synthesizing Unit <top>.
    Related source file is "/home/ise/hardware/ISEProjects/video_timing_data/src/top.v".
WARNING:Xst:2898 - Port 'read_req_ack', unconnected in block instance 'vtd0', is tied to GND.
INFO:Xst:3210 - "/home/ise/hardware/ISEProjects/video_timing_data/src/top.v" line 52: Output port <LOCKED> of the instance <video_pll_m0> is unconnected or connected to loadless signal.
INFO:Xst:3210 - "/home/ise/hardware/ISEProjects/video_timing_data/src/top.v" line 60: Output port <read_req> of the instance <vtd0> is unconnected or connected to loadless signal.
INFO:Xst:3210 - "/home/ise/hardware/ISEProjects/video_timing_data/src/top.v" line 60: Output port <read_en> of the instance <vtd0> is unconnected or connected to loadless signal.
INFO:Xst:3210 - "/home/ise/hardware/ISEProjects/video_timing_data/src/top.v" line 60: Output port <de> of the instance <vtd0> is unconnected or connected to loadless signal.
    Summary:
	no macro.
Unit <top> synthesized.

Synthesizing Unit <video_pll>.
    Related source file is "/home/ise/hardware/ISEProjects/video_timing_data/ipcore_dir/video_pll.v".
    Summary:
	no macro.
Unit <video_pll> synthesized.

Synthesizing Unit <video_timing_data>.
    Related source file is "/home/ise/hardware/HDL/computer/io/video_timing_data.v".
        DATA_WIDTH = 16
INFO:Xst:3210 - "/home/ise/hardware/HDL/computer/io/video_timing_data.v" line 103: Output port <rgb_r> of the instance <color_bar_m0> is unconnected or connected to loadless signal.
INFO:Xst:3210 - "/home/ise/hardware/HDL/computer/io/video_timing_data.v" line 103: Output port <rgb_g> of the instance <color_bar_m0> is unconnected or connected to loadless signal.
INFO:Xst:3210 - "/home/ise/hardware/HDL/computer/io/video_timing_data.v" line 103: Output port <rgb_b> of the instance <color_bar_m0> is unconnected or connected to loadless signal.
    Found 16-bit register for signal <vout_data_r>.
    Found 1-bit register for signal <video_vs_d0>.
    Found 1-bit register for signal <video_de_d0>.
    Found 1-bit register for signal <read_req>.
    Found 1-bit register for signal <video_hs_d0>.
    Found 1-bit register for signal <video_hs_d1>.
    Found 1-bit register for signal <video_vs_d1>.
    Found 1-bit register for signal <video_de_d1>.
    Summary:
	inferred  23 D-type flip-flop(s).
Unit <video_timing_data> synthesized.

Synthesizing Unit <color_bar>.
    Related source file is "/home/ise/hardware/ISEProjects/video_timing_data/src/color_bar.v".
        H_ACTIVE = 16'b0000010000000000
        H_FP = 16'b0000000000011000
        H_SYNC = 16'b0000000010001000
        H_BP = 16'b0000000010100000
        V_ACTIVE = 16'b0000001100000000
        V_FP = 16'b0000000000000011
        V_SYNC = 16'b0000000000000110
        V_BP = 16'b0000000000011101
        HS_POL = 1'b0
        VS_POL = 1'b0
        H_TOTAL = 16'b0000010101000000
        V_TOTAL = 16'b0000001100100110
        WHITE_R = 8'b11111111
        WHITE_G = 8'b11111111
        WHITE_B = 8'b11111111
        YELLOW_R = 8'b11111111
        YELLOW_G = 8'b11111111
        YELLOW_B = 8'b00000000
        CYAN_R = 8'b00000000
        CYAN_G = 8'b11111111
        CYAN_B = 8'b11111111
        GREEN_R = 8'b00000000
        GREEN_G = 8'b11111111
        GREEN_B = 8'b00000000
        MAGENTA_R = 8'b11111111
        MAGENTA_G = 8'b00000000
        MAGENTA_B = 8'b11111111
        RED_R = 8'b11111111
        RED_G = 8'b00000000
        RED_B = 8'b00000000
        BLUE_R = 8'b00000000
        BLUE_G = 8'b00000000
        BLUE_B = 8'b11111111
        BLACK_R = 8'b00000000
        BLACK_G = 8'b00000000
        BLACK_B = 8'b00000000
    Found 12-bit register for signal <h_cnt>.
    Found 12-bit register for signal <active_x>.
    Found 12-bit register for signal <v_cnt>.
    Found 8-bit register for signal <rgb_r_reg>.
    Found 8-bit register for signal <rgb_g_reg>.
    Found 8-bit register for signal <rgb_b_reg>.
    Found 1-bit register for signal <vs_reg_d0>.
    Found 1-bit register for signal <video_active_d0>.
    Found 1-bit register for signal <hs_reg>.
    Found 1-bit register for signal <h_active>.
    Found 1-bit register for signal <vs_reg>.
    Found 1-bit register for signal <v_active>.
    Found 1-bit register for signal <hs_reg_d0>.
    Found 12-bit subtractor for signal <h_cnt[11]_GND_7_o_sub_12_OUT> created at line 221.
    Found 12-bit adder for signal <h_cnt[11]_GND_7_o_add_6_OUT> created at line 213.
    Found 12-bit adder for signal <v_cnt[11]_GND_7_o_add_17_OUT> created at line 234.
    Found 12-bit comparator greater for signal <n0015> created at line 220
    Summary:
	inferred   3 Adder/Subtractor(s).
	inferred  67 D-type flip-flop(s).
	inferred   1 Comparator(s).
	inferred  21 Multiplexer(s).
Unit <color_bar> synthesized.

=========================================================================
HDL Synthesis Report

Macro Statistics
# Adders/Subtractors                                   : 3
 12-bit adder                                          : 2
 12-bit subtractor                                     : 1
# Registers                                            : 21
 1-bit register                                        : 14
 12-bit register                                       : 3
 16-bit register                                       : 1
 8-bit register                                        : 3
# Comparators                                          : 1
 12-bit comparator greater                             : 1
# Multiplexers                                         : 21
 1-bit 2-to-1 multiplexer                              : 2
 12-bit 2-to-1 multiplexer                             : 2
 8-bit 2-to-1 multiplexer                              : 17

=========================================================================

=========================================================================
*                       Advanced HDL Synthesis                          *
=========================================================================

INFO:Xst:2261 - The FF/Latch <vout_data_r_0> in Unit <vtd0> is equivalent to the following 10 FFs/Latches, which will be removed : <vout_data_r_1> <vout_data_r_2> <vout_data_r_3> <vout_data_r_4> <vout_data_r_5> <vout_data_r_6> <vout_data_r_7> <vout_data_r_8> <vout_data_r_9> <vout_data_r_10> 
INFO:Xst:2261 - The FF/Latch <vout_data_r_11> in Unit <vtd0> is equivalent to the following 4 FFs/Latches, which will be removed : <vout_data_r_12> <vout_data_r_13> <vout_data_r_14> <vout_data_r_15> 
WARNING:Xst:1710 - FF/Latch <vout_data_r_0> (without init value) has a constant value of 0 in block <vtd0>. This FF/Latch will be trimmed during the optimization process.

Synthesizing (advanced) Unit <color_bar>.
The following registers are absorbed into counter <h_cnt>: 1 register on signal <h_cnt>.
The following registers are absorbed into counter <v_cnt>: 1 register on signal <v_cnt>.
Unit <color_bar> synthesized (advanced).

=========================================================================
Advanced HDL Synthesis Report

Macro Statistics
# Adders/Subtractors                                   : 1
 12-bit subtractor                                     : 1
# Counters                                             : 2
 12-bit up counter                                     : 2
# Registers                                            : 66
 Flip-Flops                                            : 66
# Comparators                                          : 1
 12-bit comparator greater                             : 1
# Multiplexers                                         : 19
 1-bit 2-to-1 multiplexer                              : 2
 8-bit 2-to-1 multiplexer                              : 17

=========================================================================

=========================================================================
*                         Low Level Synthesis                           *
=========================================================================
WARNING:Xst:1710 - FF/Latch <vout_data_r_0> (without init value) has a constant value of 0 in block <video_timing_data>. This FF/Latch will be trimmed during the optimization process.
WARNING:Xst:1895 - Due to other FF/Latch trimming, FF/Latch <vout_data_r_1> (without init value) has a constant value of 0 in block <video_timing_data>. This FF/Latch will be trimmed during the optimization process.
WARNING:Xst:1895 - Due to other FF/Latch trimming, FF/Latch <vout_data_r_2> (without init value) has a constant value of 0 in block <video_timing_data>. This FF/Latch will be trimmed during the optimization process.
WARNING:Xst:1895 - Due to other FF/Latch trimming, FF/Latch <vout_data_r_3> (without init value) has a constant value of 0 in block <video_timing_data>. This FF/Latch will be trimmed during the optimization process.
WARNING:Xst:1895 - Due to other FF/Latch trimming, FF/Latch <vout_data_r_4> (without init value) has a constant value of 0 in block <video_timing_data>. This FF/Latch will be trimmed during the optimization process.
WARNING:Xst:1895 - Due to other FF/Latch trimming, FF/Latch <vout_data_r_5> (without init value) has a constant value of 0 in block <video_timing_data>. This FF/Latch will be trimmed during the optimization process.
WARNING:Xst:1895 - Due to other FF/Latch trimming, FF/Latch <vout_data_r_6> (without init value) has a constant value of 0 in block <video_timing_data>. This FF/Latch will be trimmed during the optimization process.
WARNING:Xst:1895 - Due to other FF/Latch trimming, FF/Latch <vout_data_r_7> (without init value) has a constant value of 0 in block <video_timing_data>. This FF/Latch will be trimmed during the optimization process.
WARNING:Xst:1895 - Due to other FF/Latch trimming, FF/Latch <vout_data_r_8> (without init value) has a constant value of 0 in block <video_timing_data>. This FF/Latch will be trimmed during the optimization process.
WARNING:Xst:1895 - Due to other FF/Latch trimming, FF/Latch <vout_data_r_9> (without init value) has a constant value of 0 in block <video_timing_data>. This FF/Latch will be trimmed during the optimization process.
WARNING:Xst:1895 - Due to other FF/Latch trimming, FF/Latch <vout_data_r_10> (without init value) has a constant value of 0 in block <video_timing_data>. This FF/Latch will be trimmed during the optimization process.
INFO:Xst:2261 - The FF/Latch <vout_data_r_11> in Unit <video_timing_data> is equivalent to the following 4 FFs/Latches, which will be removed : <vout_data_r_12> <vout_data_r_13> <vout_data_r_14> <vout_data_r_15> 
INFO:Xst:2261 - The FF/Latch <rgb_r_reg_0> in Unit <color_bar> is equivalent to the following 7 FFs/Latches, which will be removed : <rgb_r_reg_1> <rgb_r_reg_2> <rgb_r_reg_3> <rgb_r_reg_4> <rgb_r_reg_5> <rgb_r_reg_6> <rgb_r_reg_7> 
INFO:Xst:2261 - The FF/Latch <rgb_g_reg_0> in Unit <color_bar> is equivalent to the following 7 FFs/Latches, which will be removed : <rgb_g_reg_1> <rgb_g_reg_2> <rgb_g_reg_3> <rgb_g_reg_4> <rgb_g_reg_5> <rgb_g_reg_6> <rgb_g_reg_7> 
INFO:Xst:2261 - The FF/Latch <rgb_b_reg_0> in Unit <color_bar> is equivalent to the following 7 FFs/Latches, which will be removed : <rgb_b_reg_1> <rgb_b_reg_2> <rgb_b_reg_3> <rgb_b_reg_4> <rgb_b_reg_5> <rgb_b_reg_6> <rgb_b_reg_7> 

Optimizing unit <top> ...

Optimizing unit <video_timing_data> ...

Optimizing unit <color_bar> ...
WARNING:Xst:2677 - Node <vtd0/video_de_d1> of sequential type is unconnected in block <top>.
WARNING:Xst:2677 - Node <vtd0/read_req> of sequential type is unconnected in block <top>.
WARNING:Xst:2677 - Node <vtd0/color_bar_m0/rgb_b_reg_0> of sequential type is unconnected in block <top>.
WARNING:Xst:2677 - Node <vtd0/color_bar_m0/rgb_r_reg_0> of sequential type is unconnected in block <top>.
WARNING:Xst:2677 - Node <vtd0/color_bar_m0/rgb_g_reg_0> of sequential type is unconnected in block <top>.
WARNING:Xst:2677 - Node <vtd0/color_bar_m0/active_x_11> of sequential type is unconnected in block <top>.
WARNING:Xst:2677 - Node <vtd0/color_bar_m0/active_x_10> of sequential type is unconnected in block <top>.
WARNING:Xst:2677 - Node <vtd0/color_bar_m0/active_x_9> of sequential type is unconnected in block <top>.
WARNING:Xst:2677 - Node <vtd0/color_bar_m0/active_x_8> of sequential type is unconnected in block <top>.
WARNING:Xst:2677 - Node <vtd0/color_bar_m0/active_x_7> of sequential type is unconnected in block <top>.
WARNING:Xst:2677 - Node <vtd0/color_bar_m0/active_x_6> of sequential type is unconnected in block <top>.
WARNING:Xst:2677 - Node <vtd0/color_bar_m0/active_x_5> of sequential type is unconnected in block <top>.
WARNING:Xst:2677 - Node <vtd0/color_bar_m0/active_x_4> of sequential type is unconnected in block <top>.
WARNING:Xst:2677 - Node <vtd0/color_bar_m0/active_x_3> of sequential type is unconnected in block <top>.
WARNING:Xst:2677 - Node <vtd0/color_bar_m0/active_x_2> of sequential type is unconnected in block <top>.
WARNING:Xst:2677 - Node <vtd0/color_bar_m0/active_x_1> of sequential type is unconnected in block <top>.
WARNING:Xst:2677 - Node <vtd0/color_bar_m0/active_x_0> of sequential type is unconnected in block <top>.

Mapping all equations...
Building and optimizing final netlist ...
Found area constraint ratio of 100 (+ 5) on block top, actual ratio is 1.

Final Macro Processing ...

=========================================================================
Final Register Report

Macro Statistics
# Registers                                            : 37
 Flip-Flops                                            : 37

=========================================================================

=========================================================================
*                           Partition Report                            *
=========================================================================

Partition Implementation Status
-------------------------------

  No Partitions were found in this design.

-------------------------------

=========================================================================
*                            Design Summary                             *
=========================================================================

Top Level Output File Name         : top.ngc

Primitive and Black Box Usage:
------------------------------
# BELS                             : 131
#      GND                         : 1
#      INV                         : 3
#      LUT1                        : 22
#      LUT2                        : 4
#      LUT3                        : 14
#      LUT4                        : 4
#      LUT5                        : 17
#      LUT6                        : 19
#      MUXCY                       : 22
#      VCC                         : 1
#      XORCY                       : 24
# FlipFlops/Latches                : 37
#      FDC                         : 23
#      FDCE                        : 12
#      FDE                         : 2
# Clock Buffers                    : 2
#      BUFG                        : 2
# IO Buffers                       : 20
#      IBUF                        : 1
#      IBUFG                       : 1
#      OBUF                        : 18
# DCMs                             : 1
#      DCM_SP                      : 1

Device utilization summary:
---------------------------

Selected Device : 6slx9ftg256-2 


Slice Logic Utilization: 
 Number of Slice Registers:              37  out of  11440     0%  
 Number of Slice LUTs:                   83  out of   5720     1%  
    Number used as Logic:                83  out of   5720     1%  

Slice Logic Distribution: 
 Number of LUT Flip Flop pairs used:     89
   Number with an unused Flip Flop:      52  out of     89    58%  
   Number with an unused LUT:             6  out of     89     6%  
   Number of fully used LUT-FF pairs:    31  out of     89    34%  
   Number of unique control sets:         3

IO Utilization: 
 Number of IOs:                          20
 Number of bonded IOBs:                  20  out of    186    10%  

Specific Feature Utilization:
 Number of BUFG/BUFGCTRLs:                2  out of     16    12%  

---------------------------
Partition Resource Summary:
---------------------------

  No Partitions were found in this design.

---------------------------


=========================================================================
Timing Report

NOTE: THESE TIMING NUMBERS ARE ONLY A SYNTHESIS ESTIMATE.
      FOR ACCURATE TIMING INFORMATION PLEASE REFER TO THE TRACE REPORT
      GENERATED AFTER PLACE-and-ROUTE.

Clock Information:
------------------
-----------------------------------+------------------------+-------+
Clock Signal                       | Clock buffer(FF name)  | Load  |
-----------------------------------+------------------------+-------+
clk                                | DCM_SP:CLKFX           | 37    |
-----------------------------------+------------------------+-------+

Asynchronous Control Signals Information:
----------------------------------------
No asynchronous control signals found in this design

Timing Summary:
---------------
Speed Grade: -2

   Minimum period: 5.984ns (Maximum Frequency: 167.115MHz)
   Minimum input arrival time before clock: 4.376ns
   Maximum output required time after clock: 4.277ns
   Maximum combinational path delay: No path found

Timing Details:
---------------
All values displayed in nanoseconds (ns)

=========================================================================
Timing constraint: Default period analysis for Clock 'clk'
  Clock period: 5.984ns (frequency: 167.115MHz)
  Total number of paths / destination ports: 711 / 49
-------------------------------------------------------------------------
Delay:               4.603ns (Levels of Logic = 3)
  Source:            vtd0/color_bar_m0/v_cnt_10 (FF)
  Destination:       vtd0/color_bar_m0/v_cnt_11 (FF)
  Source Clock:      clk rising 1.3X
  Destination Clock: clk rising 1.3X

  Data Path: vtd0/color_bar_m0/v_cnt_10 to vtd0/color_bar_m0/v_cnt_11
                                Gate     Net
    Cell:in->out      fanout   Delay   Delay  Logical Name (Net Name)
    ----------------------------------------  ------------
     FDCE:C->Q             3   0.525   1.196  vtd0/color_bar_m0/v_cnt_10 (vtd0/color_bar_m0/v_cnt_10)
     LUT5:I0->O           15   0.254   1.383  vtd0/color_bar_m0/GND_7_o_GND_7_o_equal_17_o<11>21 (vtd0/color_bar_m0/GND_7_o_GND_7_o_equal_17_o<11>2)
     LUT5:I2->O            1   0.235   0.682  vtd0/color_bar_m0/Mcount_v_cnt_eqn_101 (vtd0/color_bar_m0/Mcount_v_cnt_eqn_10)
     LUT3:I2->O            1   0.254   0.000  vtd0/color_bar_m0/v_cnt_10_dpot (vtd0/color_bar_m0/v_cnt_10_dpot)
     FDCE:D                    0.074          vtd0/color_bar_m0/v_cnt_10
    ----------------------------------------
    Total                      4.603ns (1.342ns logic, 3.261ns route)
                                       (29.2% logic, 70.8% route)

=========================================================================
Timing constraint: Default OFFSET IN BEFORE for Clock 'clk'
  Total number of paths / destination ports: 37 / 37
-------------------------------------------------------------------------
Offset:              4.376ns (Levels of Logic = 2)
  Source:            rst_n (PAD)
  Destination:       vtd0/vout_data_r_11 (FF)
  Destination Clock: clk rising 1.3X

  Data Path: rst_n to vtd0/vout_data_r_11
                                Gate     Net
    Cell:in->out      fanout   Delay   Delay  Logical Name (Net Name)
    ----------------------------------------  ------------
     IBUF:I->O             3   1.328   0.765  rst_n_IBUF (rst_n_IBUF)
     INV:I->O             35   0.255   1.569  rst_n_INV_1_o1_INV_0 (rst_n_INV_1_o)
     FDC:CLR                   0.459          vtd0/video_vs_d0
    ----------------------------------------
    Total                      4.376ns (2.042ns logic, 2.334ns route)
                                       (46.7% logic, 53.3% route)

=========================================================================
Timing constraint: Default OFFSET OUT AFTER for Clock 'clk'
  Total number of paths / destination ports: 7 / 7
-------------------------------------------------------------------------
Offset:              4.277ns (Levels of Logic = 1)
  Source:            vtd0/vout_data_r_11 (FF)
  Destination:       vga_out_r<4> (PAD)
  Source Clock:      clk rising 1.3X

  Data Path: vtd0/vout_data_r_11 to vga_out_r<4>
                                Gate     Net
    Cell:in->out      fanout   Delay   Delay  Logical Name (Net Name)
    ----------------------------------------  ------------
     FDC:C->Q              5   0.525   0.840  vtd0/vout_data_r_11 (vtd0/vout_data_r_11)
     OBUF:I->O                 2.912          vga_out_r_4_OBUF (vga_out_r<4>)
    ----------------------------------------
    Total                      4.277ns (3.437ns logic, 0.840ns route)
                                       (80.4% logic, 19.6% route)

=========================================================================

Cross Clock Domains Report:
--------------------------

Clock to Setup on destination clock clk
---------------+---------+---------+---------+---------+
               | Src:Rise| Src:Fall| Src:Rise| Src:Fall|
Source Clock   |Dest:Rise|Dest:Rise|Dest:Fall|Dest:Fall|
---------------+---------+---------+---------+---------+
clk            |    4.603|         |         |         |
---------------+---------+---------+---------+---------+

=========================================================================


Total REAL time to Xst completion: 2.00 secs
Total CPU time to Xst completion: 1.81 secs
 
--> 


Total memory usage is 483400 kilobytes

Number of errors   :    0 (   0 filtered)
Number of warnings :   33 (   0 filtered)
Number of infos    :   13 (   0 filtered)

