Release 14.7 - xst P.20131013 (lin64)
Copyright (c) 1995-2013 Xilinx, Inc.  All rights reserved.
--> 
Parameter TMPDIR set to xst/projnav.tmp


Total REAL time to Xst completion: 0.00 secs
Total CPU time to Xst completion: 0.08 secs
 
--> 
Parameter xsthdpdir set to xst


Total REAL time to Xst completion: 0.00 secs
Total CPU time to Xst completion: 0.08 secs
 
--> 
Reading design: fullscreen.prj

TABLE OF CONTENTS
  1) Synthesis Options Summary
  2) HDL Parsing
  3) HDL Elaboration
  4) HDL Synthesis
       4.1) HDL Synthesis Report
  5) Advanced HDL Synthesis
       5.1) Advanced HDL Synthesis Report
  6) Low Level Synthesis
  7) Partition Report
  8) Design Summary
       8.1) Primitive and Black Box Usage
       8.2) Device utilization summary
       8.3) Partition Resource Summary
       8.4) Timing Report
            8.4.1) Clock Information
            8.4.2) Asynchronous Control Signals Information
            8.4.3) Timing Summary
            8.4.4) Timing Details
            8.4.5) Cross Clock Domains Report


=========================================================================
*                      Synthesis Options Summary                        *
=========================================================================
---- Source Parameters
Input File Name                    : "fullscreen.prj"
Ignore Synthesis Constraint File   : NO

---- Target Parameters
Output File Name                   : "fullscreen"
Output Format                      : NGC
Target Device                      : xc6slx9-3-tqg144

---- Source Options
Top Module Name                    : fullscreen
Automatic FSM Extraction           : YES
FSM Encoding Algorithm             : Auto
Safe Implementation                : No
FSM Style                          : LUT
RAM Extraction                     : Yes
RAM Style                          : Auto
ROM Extraction                     : Yes
Shift Register Extraction          : YES
ROM Style                          : Auto
Resource Sharing                   : YES
Asynchronous To Synchronous        : NO
Shift Register Minimum Size        : 2
Use DSP Block                      : Auto
Automatic Register Balancing       : No

---- Target Options
LUT Combining                      : Auto
Reduce Control Sets                : Auto
Add IO Buffers                     : YES
Global Maximum Fanout              : 100000
Add Generic Clock Buffer(BUFG)     : 16
Register Duplication               : YES
Optimize Instantiated Primitives   : NO
Use Clock Enable                   : Auto
Use Synchronous Set                : Auto
Use Synchronous Reset              : Auto
Pack IO Registers into IOBs        : Auto
Equivalent register Removal        : YES

---- General Options
Optimization Goal                  : Speed
Optimization Effort                : 1
Power Reduction                    : NO
Keep Hierarchy                     : No
Netlist Hierarchy                  : As_Optimized
RTL Output                         : Yes
Global Optimization                : AllClockNets
Read Cores                         : YES
Write Timing Constraints           : NO
Cross Clock Analysis               : NO
Hierarchy Separator                : /
Bus Delimiter                      : <>
Case Specifier                     : Maintain
Slice Utilization Ratio            : 100
BRAM Utilization Ratio             : 100
DSP48 Utilization Ratio            : 100
Auto BRAM Packing                  : NO
Slice Utilization Ratio Delta      : 5

---- Other Options
Cores Search Directories           : {"../../HDL/computer/rom/test"  }

=========================================================================


=========================================================================
*                          HDL Parsing                                  *
=========================================================================
Analyzing Verilog file "/home/ise/hardware/HDL/computer/fullscreen.v" into library work
Parsing verilog file "/home/ise/hardware/HDL/computer/vgadisplay.v" included at line 1.
Parsing module <vgadisplay>.
Parsing module <fullscreen>.

=========================================================================
*                            HDL Elaboration                            *
=========================================================================

Elaborating module <fullscreen>.

Elaborating module <vgadisplay>.
WARNING:HDLCompiler:413 - "/home/ise/hardware/HDL/computer/vgadisplay.v" Line 56: Result of 11-bit expression is truncated to fit in 10-bit target.
WARNING:HDLCompiler:413 - "/home/ise/hardware/HDL/computer/vgadisplay.v" Line 62: Result of 11-bit expression is truncated to fit in 10-bit target.
WARNING:HDLCompiler:413 - "/home/ise/hardware/HDL/computer/vgadisplay.v" Line 76: Result of 25-bit expression is truncated to fit in 24-bit target.

=========================================================================
*                           HDL Synthesis                               *
=========================================================================

Synthesizing Unit <fullscreen>.
    Related source file is "/home/ise/hardware/HDL/computer/fullscreen.v".
    Found 1-bit register for signal <vga_clk>.
    Found 16-bit register for signal <rgb>.
    Found 24-bit comparator greater for signal <addr[23]_GND_1_o_LessThan_2_o> created at line 38
    Found 24-bit comparator greater for signal <addr[23]_GND_1_o_LessThan_3_o> created at line 40
    Summary:
	inferred  17 D-type flip-flop(s).
	inferred   2 Comparator(s).
Unit <fullscreen> synthesized.

Synthesizing Unit <vgadisplay>.
    Related source file is "/home/ise/hardware/HDL/computer/vgadisplay.v".
        H_SYNC_A = 96
        H_BACK_PORCH_B = 48
        H_ACTIVE_VIDEO_TIME_C = 640
        H_FRONT_PORCH_D = 16
        V_SYNC_O = 2
        V_BACK_PORCH_P = 33
        V_ACTIVE_VIDEO_TIME_Q = 480
        V_FRONT_PORCH_R = 10
        VM_ADDR_BITS = 23
    Found 10-bit register for signal <vcount>.
    Found 1-bit register for signal <hsync>.
    Found 1-bit register for signal <vsync>.
    Found 1-bit register for signal <is_show>.
    Found 24-bit register for signal <addr>.
    Found 10-bit register for signal <hcount>.
    Found 10-bit adder for signal <hcount[9]_GND_2_o_add_2_OUT> created at line 56.
    Found 10-bit adder for signal <vcount[9]_GND_2_o_add_6_OUT> created at line 62.
    Found 24-bit adder for signal <addr[23]_GND_2_o_add_19_OUT> created at line 76.
    Found 10-bit comparator greater for signal <GND_2_o_vcount[9]_LessThan_16_o> created at line 73
    Found 10-bit comparator greater for signal <vcount[9]_PWR_2_o_LessThan_17_o> created at line 73
    Found 10-bit comparator greater for signal <GND_2_o_hcount[9]_LessThan_18_o> created at line 74
    Found 10-bit comparator greater for signal <hcount[9]_PWR_2_o_LessThan_19_o> created at line 74
    Summary:
	inferred   3 Adder/Subtractor(s).
	inferred  47 D-type flip-flop(s).
	inferred   4 Comparator(s).
	inferred   1 Multiplexer(s).
Unit <vgadisplay> synthesized.

=========================================================================
HDL Synthesis Report

Macro Statistics
# Adders/Subtractors                                   : 3
 10-bit adder                                          : 2
 24-bit adder                                          : 1
# Registers                                            : 8
 1-bit register                                        : 4
 10-bit register                                       : 2
 16-bit register                                       : 1
 24-bit register                                       : 1
# Comparators                                          : 6
 10-bit comparator greater                             : 4
 24-bit comparator greater                             : 2
# Multiplexers                                         : 1
 16-bit 2-to-1 multiplexer                             : 1

=========================================================================

=========================================================================
*                       Advanced HDL Synthesis                          *
=========================================================================


Synthesizing (advanced) Unit <vgadisplay>.
The following registers are absorbed into counter <hcount>: 1 register on signal <hcount>.
The following registers are absorbed into counter <vcount>: 1 register on signal <vcount>.
The following registers are absorbed into counter <addr>: 1 register on signal <addr>.
Unit <vgadisplay> synthesized (advanced).

=========================================================================
Advanced HDL Synthesis Report

Macro Statistics
# Counters                                             : 3
 10-bit up counter                                     : 2
 24-bit up counter                                     : 1
# Registers                                            : 20
 Flip-Flops                                            : 20
# Comparators                                          : 6
 10-bit comparator greater                             : 4
 24-bit comparator greater                             : 2
# Multiplexers                                         : 1
 16-bit 2-to-1 multiplexer                             : 1

=========================================================================

=========================================================================
*                         Low Level Synthesis                           *
=========================================================================
INFO:Xst:2261 - The FF/Latch <rgb_11> in Unit <fullscreen> is equivalent to the following 4 FFs/Latches, which will be removed : <rgb_12> <rgb_13> <rgb_14> <rgb_15> 
INFO:Xst:2261 - The FF/Latch <rgb_5> in Unit <fullscreen> is equivalent to the following 5 FFs/Latches, which will be removed : <rgb_6> <rgb_7> <rgb_8> <rgb_9> <rgb_10> 
INFO:Xst:2261 - The FF/Latch <rgb_0> in Unit <fullscreen> is equivalent to the following 4 FFs/Latches, which will be removed : <rgb_1> <rgb_2> <rgb_3> <rgb_4> 

Optimizing unit <fullscreen> ...

Optimizing unit <vgadisplay> ...

Mapping all equations...
Building and optimizing final netlist ...
Found area constraint ratio of 100 (+ 5) on block fullscreen, actual ratio is 1.

Final Macro Processing ...

=========================================================================
Final Register Report

Macro Statistics
# Registers                                            : 51
 Flip-Flops                                            : 51

=========================================================================

=========================================================================
*                           Partition Report                            *
=========================================================================

Partition Implementation Status
-------------------------------

  No Partitions were found in this design.

-------------------------------

=========================================================================
*                            Design Summary                             *
=========================================================================

Top Level Output File Name         : fullscreen.ngc

Primitive and Black Box Usage:
------------------------------
# BELS                             : 200
#      GND                         : 1
#      INV                         : 5
#      LUT1                        : 41
#      LUT2                        : 4
#      LUT3                        : 36
#      LUT4                        : 1
#      LUT5                        : 4
#      LUT6                        : 22
#      MUXCY                       : 41
#      VCC                         : 1
#      XORCY                       : 44
# FlipFlops/Latches                : 51
#      FD                          : 13
#      FDR                         : 3
#      FDRE                        : 34
#      FDS                         : 1
# Clock Buffers                    : 2
#      BUFG                        : 1
#      BUFGP                       : 1
# IO Buffers                       : 19
#      IBUF                        : 1
#      OBUF                        : 18

Device utilization summary:
---------------------------

Selected Device : 6slx9tqg144-3 


Slice Logic Utilization: 
 Number of Slice Registers:              51  out of  11440     0%  
 Number of Slice LUTs:                  113  out of   5720     1%  
    Number used as Logic:               113  out of   5720     1%  

Slice Logic Distribution: 
 Number of LUT Flip Flop pairs used:    114
   Number with an unused Flip Flop:      63  out of    114    55%  
   Number with an unused LUT:             1  out of    114     0%  
   Number of fully used LUT-FF pairs:    50  out of    114    43%  
   Number of unique control sets:         5

IO Utilization: 
 Number of IOs:                          20
 Number of bonded IOBs:                  20  out of    102    19%  

Specific Feature Utilization:
 Number of BUFG/BUFGCTRLs:                2  out of     16    12%  

---------------------------
Partition Resource Summary:
---------------------------

  No Partitions were found in this design.

---------------------------


=========================================================================
Timing Report

NOTE: THESE TIMING NUMBERS ARE ONLY A SYNTHESIS ESTIMATE.
      FOR ACCURATE TIMING INFORMATION PLEASE REFER TO THE TRACE REPORT
      GENERATED AFTER PLACE-and-ROUTE.

Clock Information:
------------------
-----------------------------------+------------------------+-------+
Clock Signal                       | Clock buffer(FF name)  | Load  |
-----------------------------------+------------------------+-------+
clock                              | BUFGP                  | 4     |
vga_clk                            | BUFG                   | 47    |
-----------------------------------+------------------------+-------+

Asynchronous Control Signals Information:
----------------------------------------
No asynchronous control signals found in this design

Timing Summary:
---------------
Speed Grade: -3

   Minimum period: 4.102ns (Maximum Frequency: 243.787MHz)
   Minimum input arrival time before clock: 3.016ns
   Maximum output required time after clock: 4.720ns
   Maximum combinational path delay: No path found

Timing Details:
---------------
All values displayed in nanoseconds (ns)

=========================================================================
Timing constraint: Default period analysis for Clock 'clock'
  Clock period: 1.913ns (frequency: 522.821MHz)
  Total number of paths / destination ports: 1 / 1
-------------------------------------------------------------------------
Delay:               1.913ns (Levels of Logic = 1)
  Source:            vga_clk (FF)
  Destination:       vga_clk (FF)
  Source Clock:      clock rising
  Destination Clock: clock rising

  Data Path: vga_clk to vga_clk
                                Gate     Net
    Cell:in->out      fanout   Delay   Delay  Logical Name (Net Name)
    ----------------------------------------  ------------
     FDR:C->Q              1   0.447   0.579  vga_clk (vga_clk)
     INV:I->O              1   0.206   0.579  vga_clk_INV_2_o1_INV_0 (vga_clk_INV_2_o)
     FDR:D                     0.102          vga_clk
    ----------------------------------------
    Total                      1.913ns (0.755ns logic, 1.158ns route)
                                       (39.5% logic, 60.5% route)

=========================================================================
Timing constraint: Default period analysis for Clock 'vga_clk'
  Clock period: 4.102ns (frequency: 243.787MHz)
  Total number of paths / destination ports: 1392 / 115
-------------------------------------------------------------------------
Delay:               4.102ns (Levels of Logic = 2)
  Source:            vga_ctrl/vcount_8 (FF)
  Destination:       vga_ctrl/addr_23 (FF)
  Source Clock:      vga_clk rising
  Destination Clock: vga_clk rising

  Data Path: vga_ctrl/vcount_8 to vga_ctrl/addr_23
                                Gate     Net
    Cell:in->out      fanout   Delay   Delay  Logical Name (Net Name)
    ----------------------------------------  ------------
     FDRE:C->Q             4   0.447   1.028  vga_ctrl/vcount_8 (vga_ctrl/vcount_8)
     LUT5:I0->O            2   0.203   0.617  vga_ctrl/GND_2_o_vcount[9]_AND_1_o_SW0 (N4)
     LUT6:I5->O           24   0.205   1.172  vga_ctrl/GND_2_o_vcount[9]_AND_1_o_inv1 (vga_ctrl/GND_2_o_vcount[9]_AND_1_o_inv)
     FDRE:R                    0.430          vga_ctrl/addr_0
    ----------------------------------------
    Total                      4.102ns (1.285ns logic, 2.817ns route)
                                       (31.3% logic, 68.7% route)

=========================================================================
Timing constraint: Default OFFSET IN BEFORE for Clock 'clock'
  Total number of paths / destination ports: 1 / 1
-------------------------------------------------------------------------
Offset:              3.016ns (Levels of Logic = 2)
  Source:            reset (PAD)
  Destination:       vga_clk (FF)
  Destination Clock: clock rising

  Data Path: reset to vga_clk
                                Gate     Net
    Cell:in->out      fanout   Delay   Delay  Logical Name (Net Name)
    ----------------------------------------  ------------
     IBUF:I->O             1   1.222   0.579  reset_IBUF (reset_IBUF)
     INV:I->O              1   0.206   0.579  reset_inv1_INV_0 (reset_inv)
     FDR:R                     0.430          vga_clk
    ----------------------------------------
    Total                      3.016ns (1.858ns logic, 1.158ns route)
                                       (61.6% logic, 38.4% route)

=========================================================================
Timing constraint: Default OFFSET OUT AFTER for Clock 'vga_clk'
  Total number of paths / destination ports: 18 / 18
-------------------------------------------------------------------------
Offset:              4.720ns (Levels of Logic = 2)
  Source:            vga_ctrl/is_show (FF)
  Destination:       g<5> (PAD)
  Source Clock:      vga_clk rising

  Data Path: vga_ctrl/is_show to g<5>
                                Gate     Net
    Cell:in->out      fanout   Delay   Delay  Logical Name (Net Name)
    ----------------------------------------  ------------
     FD:C->Q               3   0.447   0.755  vga_ctrl/is_show (vga_ctrl/is_show)
     LUT2:I0->O            6   0.203   0.744  vga_ctrl/n0036<5>1 (g_0_OBUF)
     OBUF:I->O                 2.571          g_5_OBUF (g<5>)
    ----------------------------------------
    Total                      4.720ns (3.221ns logic, 1.499ns route)
                                       (68.2% logic, 31.8% route)

=========================================================================
Timing constraint: Default OFFSET OUT AFTER for Clock 'clock'
  Total number of paths / destination ports: 16 / 16
-------------------------------------------------------------------------
Offset:              4.547ns (Levels of Logic = 2)
  Source:            rgb_5 (FF)
  Destination:       g<5> (PAD)
  Source Clock:      clock rising

  Data Path: rgb_5 to g<5>
                                Gate     Net
    Cell:in->out      fanout   Delay   Delay  Logical Name (Net Name)
    ----------------------------------------  ------------
     FDR:C->Q              1   0.447   0.580  rgb_5 (rgb_5)
     LUT2:I1->O            6   0.205   0.744  vga_ctrl/n0036<5>1 (g_0_OBUF)
     OBUF:I->O                 2.571          g_5_OBUF (g<5>)
    ----------------------------------------
    Total                      4.547ns (3.223ns logic, 1.324ns route)
                                       (70.9% logic, 29.1% route)

=========================================================================

Cross Clock Domains Report:
--------------------------

Clock to Setup on destination clock clock
---------------+---------+---------+---------+---------+
               | Src:Rise| Src:Fall| Src:Rise| Src:Fall|
Source Clock   |Dest:Rise|Dest:Rise|Dest:Fall|Dest:Fall|
---------------+---------+---------+---------+---------+
clock          |    1.913|         |         |         |
vga_clk        |    4.461|         |         |         |
---------------+---------+---------+---------+---------+

Clock to Setup on destination clock vga_clk
---------------+---------+---------+---------+---------+
               | Src:Rise| Src:Fall| Src:Rise| Src:Fall|
Source Clock   |Dest:Rise|Dest:Rise|Dest:Fall|Dest:Fall|
---------------+---------+---------+---------+---------+
vga_clk        |    4.102|         |         |         |
---------------+---------+---------+---------+---------+

=========================================================================


Total REAL time to Xst completion: 13.00 secs
Total CPU time to Xst completion: 10.70 secs
 
--> 


Total memory usage is 482872 kilobytes

Number of errors   :    0 (   0 filtered)
Number of warnings :    3 (   0 filtered)
Number of infos    :    3 (   0 filtered)

