--------------------------------------------------------------------------------
Release 14.7 Trace  (lin64)
Copyright (c) 1995-2013 Xilinx, Inc.  All rights reserved.

/opt/Xilinx/14.7/ISE_DS/ISE/bin/lin64/unwrapped/trce -intstyle ise -v 3 -s 3 -n
3 -fastpaths -xml segdisplay.twx segdisplay.ncd -o segdisplay.twr
segdisplay.pcf

Design file:              segdisplay.ncd
Physical constraint file: segdisplay.pcf
Device,package,speed:     xc6slx9,tqg144,C,-3 (PRODUCTION 1.23 2013-10-13)
Report level:             verbose report

Environment Variable      Effect 
--------------------      ------ 
NONE                      No environment variables were set
--------------------------------------------------------------------------------

INFO:Timing:2698 - No timing constraints found, doing default enumeration.
INFO:Timing:3412 - To improve timing, see the Timing Closure User Guide (UG612).
INFO:Timing:2752 - To get complete path coverage, use the unconstrained paths 
   option. All paths that are not constrained will be reported in the 
   unconstrained paths section(s) of the report.
INFO:Timing:3339 - The clock-to-out numbers in this timing report are based on 
   a 50 Ohm transmission line loading model.  For the details of this model, 
   and for more information on accounting for different loading conditions, 
   please see the device datasheet.



Data Sheet report:
-----------------
All values displayed in nanoseconds (ns)

Clock clock to Pad
------------+-----------------+------------+-----------------+------------+------------------+--------+
            |Max (slowest) clk|  Process   |Min (fastest) clk|  Process   |                  | Clock  |
Destination |  (edge) to PAD  |   Corner   |  (edge) to PAD  |   Corner   |Internal Clock(s) | Phase  |
------------+-----------------+------------+-----------------+------------+------------------+--------+
data<0>     |         7.618(R)|      SLOW  |         3.933(R)|      FAST  |clock_BUFGP       |   0.000|
data<1>     |         7.596(R)|      SLOW  |         3.939(R)|      FAST  |clock_BUFGP       |   0.000|
data<2>     |         6.908(R)|      SLOW  |         3.516(R)|      FAST  |clock_BUFGP       |   0.000|
data<3>     |         6.566(R)|      SLOW  |         3.314(R)|      FAST  |clock_BUFGP       |   0.000|
data<4>     |         7.058(R)|      SLOW  |         3.666(R)|      FAST  |clock_BUFGP       |   0.000|
data<5>     |         6.911(R)|      SLOW  |         3.519(R)|      FAST  |clock_BUFGP       |   0.000|
data<6>     |         6.978(R)|      SLOW  |         3.586(R)|      FAST  |clock_BUFGP       |   0.000|
data<7>     |         6.308(R)|      SLOW  |         2.897(R)|      FAST  |clock_BUFGP       |   0.000|
sel<0>      |         6.805(R)|      SLOW  |         3.498(R)|      FAST  |clock_BUFGP       |   0.000|
sel<1>      |         6.834(R)|      SLOW  |         3.505(R)|      FAST  |clock_BUFGP       |   0.000|
sel<2>      |         6.771(R)|      SLOW  |         3.496(R)|      FAST  |clock_BUFGP       |   0.000|
sel<3>      |         6.713(R)|      SLOW  |         3.442(R)|      FAST  |clock_BUFGP       |   0.000|
sel<4>      |         6.308(R)|      SLOW  |         2.897(R)|      FAST  |clock_BUFGP       |   0.000|
sel<5>      |         6.308(R)|      SLOW  |         2.897(R)|      FAST  |clock_BUFGP       |   0.000|
sel<6>      |         6.300(R)|      SLOW  |         2.889(R)|      FAST  |clock_BUFGP       |   0.000|
sel<7>      |         6.300(R)|      SLOW  |         2.889(R)|      FAST  |clock_BUFGP       |   0.000|
------------+-----------------+------------+-----------------+------------+------------------+--------+

Clock to Setup on destination clock clock
---------------+---------+---------+---------+---------+
               | Src:Rise| Src:Fall| Src:Rise| Src:Fall|
Source Clock   |Dest:Rise|Dest:Rise|Dest:Fall|Dest:Fall|
---------------+---------+---------+---------+---------+
clock          |    4.259|         |         |         |
---------------+---------+---------+---------+---------+

Pad to Pad
---------------+---------------+---------+
Source Pad     |Destination Pad|  Delay  |
---------------+---------------+---------+
reset          |led0           |    5.503|
---------------+---------------+---------+


Analysis completed Sat Sep  9 11:35:01 2023 
--------------------------------------------------------------------------------

Trace Settings:
-------------------------
Trace Settings 

Peak Memory Usage: 385 MB



