Release 14.7 Map P.20131013 (nt64)
Xilinx Mapping Report File for Design 'top'

Design Information
------------------
Command Line   : map -intstyle ise -p xc6slx9-ftg256-2 -w -logic_opt off -ol
high -t 1 -xt 0 -register_duplication off -r 4 -global_opt off -mt off -ir off
-pr off -lc off -power off -o top_map.ncd top.ngd top.pcf 
Target Device  : xc6slx9
Target Package : ftg256
Target Speed   : -2
Mapper Version : spartan6 -- $Revision: 1.55 $
Mapped Date    : Thu May 02 11:55:10 2019

Design Summary
--------------
Number of errors:      0
Number of warnings:    2
Slice Logic Utilization:
  Number of Slice Registers:                   781 out of  11,440    6%
    Number used as Flip Flops:                 781
    Number used as Latches:                      0
    Number used as Latch-thrus:                  0
    Number used as AND/OR logics:                0
  Number of Slice LUTs:                        799 out of   5,720   13%
    Number used as logic:                      736 out of   5,720   12%
      Number using O6 output only:             388
      Number using O5 output only:              87
      Number using O5 and O6:                  261
      Number used as ROM:                        0
    Number used as Memory:                       0 out of   1,440    0%
    Number used exclusively as route-thrus:     63
      Number with same-slice register load:     57
      Number with same-slice carry load:         6
      Number with other load:                    0

Slice Logic Distribution:
  Number of occupied Slices:                   273 out of   1,430   19%
  Number of MUXCYs used:                       276 out of   2,860    9%
  Number of LUT Flip Flop pairs used:          876
    Number with an unused Flip Flop:           262 out of     876   29%
    Number with an unused LUT:                  77 out of     876    8%
    Number of fully used LUT-FF pairs:         537 out of     876   61%
    Number of unique control sets:              44
    Number of slice register sites lost
      to control set restrictions:             155 out of  11,440    1%

  A LUT Flip Flop pair for this architecture represents one LUT paired with
  one Flip Flop within a slice.  A control set is a unique combination of
  clock, reset, set, and enable signals for a registered element.
  The Slice Logic Distribution report is not meaningful if the design is
  over-mapped for a non-slice resource or if Placement fails.

IO Utilization:
  Number of bonded IOBs:                        49 out of     186   26%
    Number of LOCed IOBs:                       49 out of      49  100%

Specific Feature Utilization:
  Number of RAMB16BWERs:                         4 out of      32   12%
  Number of RAMB8BWERs:                          0 out of      64    0%
  Number of BUFIO2/BUFIO2_2CLKs:                 0 out of      32    0%
  Number of BUFIO2FB/BUFIO2FB_2CLKs:             0 out of      32    0%
  Number of BUFG/BUFGMUXs:                       4 out of      16   25%
    Number used as BUFGs:                        4
    Number used as BUFGMUX:                      0
  Number of DCM/DCM_CLKGENs:                     0 out of       4    0%
  Number of ILOGIC2/ISERDES2s:                   0 out of     200    0%
  Number of IODELAY2/IODRP2/IODRP2_MCBs:         0 out of     200    0%
  Number of OLOGIC2/OSERDES2s:                   0 out of     200    0%
  Number of BSCANs:                              0 out of       4    0%
  Number of BUFHs:                               0 out of     128    0%
  Number of BUFPLLs:                             0 out of       8    0%
  Number of BUFPLL_MCBs:                         0 out of       4    0%
  Number of DSP48A1s:                            0 out of      16    0%
  Number of ICAPs:                               0 out of       1    0%
  Number of MCBs:                                0 out of       2    0%
  Number of PCILOGICSEs:                         0 out of       2    0%
  Number of PLL_ADVs:                            1 out of       2   50%
  Number of PMVs:                                0 out of       1    0%
  Number of STARTUPs:                            0 out of       1    0%
  Number of SUSPEND_SYNCs:                       0 out of       1    0%

Average Fanout of Non-Clock Nets:                3.51

Peak Memory Usage:  536 MB
Total REAL time to MAP completion:  10 secs 
Total CPU time to MAP completion:   10 secs 

Table of Contents
-----------------
Section 1 - Errors
Section 2 - Warnings
Section 3 - Informational
Section 4 - Removed Logic Summary
Section 5 - Removed Logic
Section 6 - IOB Properties
Section 7 - RPMs
Section 8 - Guide Report
Section 9 - Area Group and Partition Summary
Section 10 - Timing Report
Section 11 - Configuration String Information
Section 12 - Control Set Information
Section 13 - Utilization by Hierarchy

Section 1 - Errors
------------------

Section 2 - Warnings
--------------------
WARNING:Place:1206 - This design contains a global buffer instance,
   <sdram_pll_m0/clkout1_buf>, driving the net, <sdram_clk_OBUF>, that is
   driving the following (first 30) non-clock load pins off chip.
   < PIN: sdram_clk.O; >
   This design practice, in Spartan-6, can lead to an unroutable situation due
   to limitations in the global routing. If the design does route there may be
   excessive delay or skew on this net. It is recommended to use a Clock
   Forwarding technique to create a reliable and repeatable low skew solution:
   instantiate an ODDR2 component; tie the .D0 pin to Logic1; tie the .D1 pin to
   Logic0; tie the clock net to be forwarded to .C0; tie the inverted clock to
   .C1. This is normally an ERROR but the CLOCK_DEDICATED_ROUTE constraint was
   applied on COMP.PIN <sdram_pll_m0/clkout1_buf.O> allowing your design to
   continue. This constraint disables all clock placer rules related to the
   specified COMP.PIN.
WARNING:Place:1137 - This design is not guaranteed to be routable! This design
   contains a global buffer instance, <sdram_pll_m0/clkout1_buf>, driving the
   net, <sdram_clk_OBUF>, that is driving the following (first 30) non-clock
   load pins.
   < PIN: sdram_clk.O; >
   This is not a recommended design practice in Spartan-6 due to limitations in
   the global routing that may cause excessive delay, skew or unroutable
   situations.  It is recommended to only use a BUFG resource to drive clock
   loads. Please pay extra attention to the timing and routing of this path to
   ensure the design goals are met. This is normally an ERROR but the
   CLOCK_DEDICATED_ROUTE constraint was applied on COMP.PIN
   <sdram_pll_m0/clkout1_buf.O> allowing your design to continue. This
   constraint disables all clock placer rules related to the specified COMP.PIN.

Section 3 - Informational
-------------------------
INFO:LIT:243 - Logical network wm8731_daclrc_IBUF has no load.
INFO:LIT:395 - The above info message is repeated 34 more times for the
   following (max. 5 shown):
   frame_read_write_m0/read_buf/U0/xst_fifo_generator/gconvfifo.rf/grf.rf/gntv_o
   r_sync_fifo.gl0.rd/gras.grdc1.rdc/rd_dc_i<5>,
   frame_read_write_m0/read_buf/U0/xst_fifo_generator/gconvfifo.rf/grf.rf/gntv_o
   r_sync_fifo.gl0.rd/gras.grdc1.rdc/rd_dc_i<4>,
   frame_read_write_m0/read_buf/U0/xst_fifo_generator/gconvfifo.rf/grf.rf/gntv_o
   r_sync_fifo.gl0.rd/gras.grdc1.rdc/rd_dc_i<3>,
   frame_read_write_m0/read_buf/U0/xst_fifo_generator/gconvfifo.rf/grf.rf/gntv_o
   r_sync_fifo.gl0.rd/gras.grdc1.rdc/rd_dc_i<2>,
   frame_read_write_m0/read_buf/U0/xst_fifo_generator/gconvfifo.rf/grf.rf/gntv_o
   r_sync_fifo.gl0.rd/gras.grdc1.rdc/rd_dc_i<1>
   To see the details of these info messages, please use the -detail switch.
INFO:MapLib:562 - No environment variables are currently set.
INFO:LIT:244 - All of the single ended outputs in this design are using slew
   rate limited output drivers. The delay on speed critical single ended outputs
   can be dramatically reduced by designating them as fast outputs.
INFO:Pack:1716 - Initializing temperature to 85.000 Celsius. (default - Range:
   0.000 to 85.000 Celsius)
INFO:Pack:1720 - Initializing voltage to 1.140 Volts. (default - Range: 1.140 to
   1.260 Volts)
INFO:Map:215 - The Interim Design Summary has been generated in the MAP Report
   (.mrp).
INFO:Pack:1650 - Map created a placed design.

Section 4 - Removed Logic Summary
---------------------------------
  92 block(s) removed
   8 block(s) optimized away
  92 signal(s) removed

Section 5 - Removed Logic
-------------------------

The trimmed logic report below shows the logic removed from your design due to
sourceless or loadless signals, and VCC or ground connections.  If the removal
of a signal or symbol results in the subsequent removal of an additional signal
or symbol, the message explaining that second removal will be indented.  This
indentation will be repeated as a chain of related logic is removed.

To quickly locate the original cause for the removal of a chain of logic, look
above the place where that logic is listed in the trimming report, then locate
the lines that are least indented (begin at the leftmost edge).

The signal
"frame_read_write_m0/read_buf/U0/xst_fifo_generator/gconvfifo.rf/grf.rf/gntv_or_
sync_fifo.gl0.rd/gras.grdc1.rdc/rd_dc_i<5>" is sourceless and has been removed.
The signal
"frame_read_write_m0/read_buf/U0/xst_fifo_generator/gconvfifo.rf/grf.rf/gntv_or_
sync_fifo.gl0.rd/gras.grdc1.rdc/rd_dc_i<4>" is sourceless and has been removed.
The signal
"frame_read_write_m0/read_buf/U0/xst_fifo_generator/gconvfifo.rf/grf.rf/gntv_or_
sync_fifo.gl0.rd/gras.grdc1.rdc/rd_dc_i<3>" is sourceless and has been removed.
The signal
"frame_read_write_m0/read_buf/U0/xst_fifo_generator/gconvfifo.rf/grf.rf/gntv_or_
sync_fifo.gl0.rd/gras.grdc1.rdc/rd_dc_i<2>" is sourceless and has been removed.
The signal
"frame_read_write_m0/read_buf/U0/xst_fifo_generator/gconvfifo.rf/grf.rf/gntv_or_
sync_fifo.gl0.rd/gras.grdc1.rdc/rd_dc_i<1>" is sourceless and has been removed.
The signal
"frame_read_write_m0/read_buf/U0/xst_fifo_generator/gconvfifo.rf/grf.rf/gntv_or_
sync_fifo.gl0.rd/gras.grdc1.rdc/rd_dc_i<0>" is sourceless and has been removed.
The signal
"frame_read_write_m0/read_buf/U0/xst_fifo_generator/gconvfifo.rf/grf.rf/gntv_or_
sync_fifo.gl0.wr/gwas.gwdc0.wdc/wr_data_count_i<6>" is sourceless and has been
removed.
The signal
"frame_read_write_m0/read_buf/U0/xst_fifo_generator/gconvfifo.rf/grf.rf/gntv_or_
sync_fifo.gl0.wr/gwas.gwdc0.wdc/wr_data_count_i<5>" is sourceless and has been
removed.
The signal
"frame_read_write_m0/read_buf/U0/xst_fifo_generator/gconvfifo.rf/grf.rf/gntv_or_
sync_fifo.gl0.wr/gwas.gwdc0.wdc/wr_data_count_i<4>" is sourceless and has been
removed.
The signal
"frame_read_write_m0/read_buf/U0/xst_fifo_generator/gconvfifo.rf/grf.rf/gntv_or_
sync_fifo.gl0.wr/gwas.gwdc0.wdc/wr_data_count_i<3>" is sourceless and has been
removed.
The signal
"frame_read_write_m0/read_buf/U0/xst_fifo_generator/gconvfifo.rf/grf.rf/gntv_or_
sync_fifo.gl0.wr/gwas.gwdc0.wdc/wr_data_count_i<2>" is sourceless and has been
removed.
The signal
"frame_read_write_m0/read_buf/U0/xst_fifo_generator/gconvfifo.rf/grf.rf/gntv_or_
sync_fifo.gl0.wr/gwas.gwdc0.wdc/wr_data_count_i<1>" is sourceless and has been
removed.
The signal
"frame_read_write_m0/read_buf/U0/xst_fifo_generator/gconvfifo.rf/grf.rf/gntv_or_
sync_fifo.gl0.wr/gwas.gwdc0.wdc/wr_data_count_i<0>" is sourceless and has been
removed.
The signal
"frame_read_write_m0/read_buf/U0/xst_fifo_generator/gconvfifo.rf/grf.rf/gntv_or_
sync_fifo.gl0.wr/gwas.wsts/ram_full_i" is sourceless and has been removed.
The signal
"frame_read_write_m0/read_buf/U0/xst_fifo_generator/gconvfifo.rf/grf.rf/gntv_or_
sync_fifo.gl0.rd/gras.rsts/ram_empty_i" is sourceless and has been removed.
The signal
"frame_read_write_m0/read_buf/U0/xst_fifo_generator/gconvfifo.rf/grf.rf/gntv_or_
sync_fifo.gl0.rd/gras.grdc1.rdc/GND_237_o_GND_237_o_sub_2_OUT<5>" is sourceless
and has been removed.
 Sourceless block
"frame_read_write_m0/read_buf/U0/xst_fifo_generator/gconvfifo.rf/grf.rf/gntv_or_
sync_fifo.gl0.rd/gras.grdc1.rdc/rd_dc_i_5" (FF) removed.
The signal
"frame_read_write_m0/read_buf/U0/xst_fifo_generator/gconvfifo.rf/grf.rf/gntv_or_
sync_fifo.gl0.rd/gras.grdc1.rdc/GND_237_o_GND_237_o_sub_2_OUT<4>" is sourceless
and has been removed.
 Sourceless block
"frame_read_write_m0/read_buf/U0/xst_fifo_generator/gconvfifo.rf/grf.rf/gntv_or_
sync_fifo.gl0.rd/gras.grdc1.rdc/rd_dc_i_4" (FF) removed.
The signal
"frame_read_write_m0/read_buf/U0/xst_fifo_generator/gconvfifo.rf/grf.rf/gntv_or_
sync_fifo.gl0.rd/gras.grdc1.rdc/GND_237_o_GND_237_o_sub_2_OUT<3>" is sourceless
and has been removed.
 Sourceless block
"frame_read_write_m0/read_buf/U0/xst_fifo_generator/gconvfifo.rf/grf.rf/gntv_or_
sync_fifo.gl0.rd/gras.grdc1.rdc/rd_dc_i_3" (FF) removed.
The signal
"frame_read_write_m0/read_buf/U0/xst_fifo_generator/gconvfifo.rf/grf.rf/gntv_or_
sync_fifo.gl0.rd/gras.grdc1.rdc/GND_237_o_GND_237_o_sub_2_OUT<2>" is sourceless
and has been removed.
 Sourceless block
"frame_read_write_m0/read_buf/U0/xst_fifo_generator/gconvfifo.rf/grf.rf/gntv_or_
sync_fifo.gl0.rd/gras.grdc1.rdc/rd_dc_i_2" (FF) removed.
The signal
"frame_read_write_m0/read_buf/U0/xst_fifo_generator/gconvfifo.rf/grf.rf/gntv_or_
sync_fifo.gl0.rd/gras.grdc1.rdc/GND_237_o_GND_237_o_sub_2_OUT<1>" is sourceless
and has been removed.
 Sourceless block
"frame_read_write_m0/read_buf/U0/xst_fifo_generator/gconvfifo.rf/grf.rf/gntv_or_
sync_fifo.gl0.rd/gras.grdc1.rdc/rd_dc_i_1" (FF) removed.
The signal
"frame_read_write_m0/read_buf/U0/xst_fifo_generator/gconvfifo.rf/grf.rf/gntv_or_
sync_fifo.gl0.rd/gras.grdc1.rdc/GND_237_o_GND_237_o_sub_2_OUT<0>" is sourceless
and has been removed.
 Sourceless block
"frame_read_write_m0/read_buf/U0/xst_fifo_generator/gconvfifo.rf/grf.rf/gntv_or_
sync_fifo.gl0.rd/gras.grdc1.rdc/rd_dc_i_0" (FF) removed.
The signal
"frame_read_write_m0/read_buf/U0/xst_fifo_generator/gconvfifo.rf/grf.rf/gntv_or_
sync_fifo.gl0.rd/gras.grdc1.rdc/Msub_GND_237_o_GND_237_o_sub_2_OUT<5:0>_lut<0>"
is sourceless and has been removed.
 Sourceless block
"frame_read_write_m0/read_buf/U0/xst_fifo_generator/gconvfifo.rf/grf.rf/gntv_or_
sync_fifo.gl0.rd/gras.grdc1.rdc/Msub_GND_237_o_GND_237_o_sub_2_OUT<5:0>_cy<0>"
(MUX) removed.
  The signal
"frame_read_write_m0/read_buf/U0/xst_fifo_generator/gconvfifo.rf/grf.rf/gntv_or_
sync_fifo.gl0.rd/gras.grdc1.rdc/Msub_GND_237_o_GND_237_o_sub_2_OUT<5:0>_cy<0>"
is sourceless and has been removed.
   Sourceless block
"frame_read_write_m0/read_buf/U0/xst_fifo_generator/gconvfifo.rf/grf.rf/gntv_or_
sync_fifo.gl0.rd/gras.grdc1.rdc/Msub_GND_237_o_GND_237_o_sub_2_OUT<5:0>_cy<1>"
(MUX) removed.
    The signal
"frame_read_write_m0/read_buf/U0/xst_fifo_generator/gconvfifo.rf/grf.rf/gntv_or_
sync_fifo.gl0.rd/gras.grdc1.rdc/Msub_GND_237_o_GND_237_o_sub_2_OUT<5:0>_cy<1>"
is sourceless and has been removed.
     Sourceless block
"frame_read_write_m0/read_buf/U0/xst_fifo_generator/gconvfifo.rf/grf.rf/gntv_or_
sync_fifo.gl0.rd/gras.grdc1.rdc/Msub_GND_237_o_GND_237_o_sub_2_OUT<5:0>_cy<2>"
(MUX) removed.
      The signal
"frame_read_write_m0/read_buf/U0/xst_fifo_generator/gconvfifo.rf/grf.rf/gntv_or_
sync_fifo.gl0.rd/gras.grdc1.rdc/Msub_GND_237_o_GND_237_o_sub_2_OUT<5:0>_cy<2>"
is sourceless and has been removed.
       Sourceless block
"frame_read_write_m0/read_buf/U0/xst_fifo_generator/gconvfifo.rf/grf.rf/gntv_or_
sync_fifo.gl0.rd/gras.grdc1.rdc/Msub_GND_237_o_GND_237_o_sub_2_OUT<5:0>_cy<3>"
(MUX) removed.
        The signal
"frame_read_write_m0/read_buf/U0/xst_fifo_generator/gconvfifo.rf/grf.rf/gntv_or_
sync_fifo.gl0.rd/gras.grdc1.rdc/Msub_GND_237_o_GND_237_o_sub_2_OUT<5:0>_cy<3>"
is sourceless and has been removed.
         Sourceless block
"frame_read_write_m0/read_buf/U0/xst_fifo_generator/gconvfifo.rf/grf.rf/gntv_or_
sync_fifo.gl0.rd/gras.grdc1.rdc/Msub_GND_237_o_GND_237_o_sub_2_OUT<5:0>_cy<4>"
(MUX) removed.
          The signal
"frame_read_write_m0/read_buf/U0/xst_fifo_generator/gconvfifo.rf/grf.rf/gntv_or_
sync_fifo.gl0.rd/gras.grdc1.rdc/Msub_GND_237_o_GND_237_o_sub_2_OUT<5:0>_cy<4>"
is sourceless and has been removed.
           Sourceless block
"frame_read_write_m0/read_buf/U0/xst_fifo_generator/gconvfifo.rf/grf.rf/gntv_or_
sync_fifo.gl0.rd/gras.grdc1.rdc/Msub_GND_237_o_GND_237_o_sub_2_OUT<5:0>_xor<5>"
(XOR) removed.
         Sourceless block
"frame_read_write_m0/read_buf/U0/xst_fifo_generator/gconvfifo.rf/grf.rf/gntv_or_
sync_fifo.gl0.rd/gras.grdc1.rdc/Msub_GND_237_o_GND_237_o_sub_2_OUT<5:0>_xor<4>"
(XOR) removed.
       Sourceless block
"frame_read_write_m0/read_buf/U0/xst_fifo_generator/gconvfifo.rf/grf.rf/gntv_or_
sync_fifo.gl0.rd/gras.grdc1.rdc/Msub_GND_237_o_GND_237_o_sub_2_OUT<5:0>_xor<3>"
(XOR) removed.
     Sourceless block
"frame_read_write_m0/read_buf/U0/xst_fifo_generator/gconvfifo.rf/grf.rf/gntv_or_
sync_fifo.gl0.rd/gras.grdc1.rdc/Msub_GND_237_o_GND_237_o_sub_2_OUT<5:0>_xor<2>"
(XOR) removed.
   Sourceless block
"frame_read_write_m0/read_buf/U0/xst_fifo_generator/gconvfifo.rf/grf.rf/gntv_or_
sync_fifo.gl0.rd/gras.grdc1.rdc/Msub_GND_237_o_GND_237_o_sub_2_OUT<5:0>_xor<1>"
(XOR) removed.
 Sourceless block
"frame_read_write_m0/read_buf/U0/xst_fifo_generator/gconvfifo.rf/grf.rf/gntv_or_
sync_fifo.gl0.rd/gras.grdc1.rdc/Msub_GND_237_o_GND_237_o_sub_2_OUT<5:0>_xor<0>"
(XOR) removed.
The signal
"frame_read_write_m0/read_buf/U0/xst_fifo_generator/gconvfifo.rf/grf.rf/gntv_or_
sync_fifo.gl0.rd/gras.grdc1.rdc/Msub_GND_237_o_GND_237_o_sub_2_OUT<5:0>_lut<1>"
is sourceless and has been removed.
The signal
"frame_read_write_m0/read_buf/U0/xst_fifo_generator/gconvfifo.rf/grf.rf/gntv_or_
sync_fifo.gl0.rd/gras.grdc1.rdc/Msub_GND_237_o_GND_237_o_sub_2_OUT<5:0>_lut<2>"
is sourceless and has been removed.
The signal
"frame_read_write_m0/read_buf/U0/xst_fifo_generator/gconvfifo.rf/grf.rf/gntv_or_
sync_fifo.gl0.rd/gras.grdc1.rdc/Msub_GND_237_o_GND_237_o_sub_2_OUT<5:0>_lut<3>"
is sourceless and has been removed.
The signal
"frame_read_write_m0/read_buf/U0/xst_fifo_generator/gconvfifo.rf/grf.rf/gntv_or_
sync_fifo.gl0.rd/gras.grdc1.rdc/Msub_GND_237_o_GND_237_o_sub_2_OUT<5:0>_lut<4>"
is sourceless and has been removed.
The signal
"frame_read_write_m0/read_buf/U0/xst_fifo_generator/gconvfifo.rf/grf.rf/gntv_or_
sync_fifo.gl0.rd/gras.grdc1.rdc/Msub_GND_237_o_GND_237_o_sub_2_OUT<5:0>_lut<5>"
is sourceless and has been removed.
The signal
"frame_read_write_m0/read_buf/U0/xst_fifo_generator/gconvfifo.rf/grf.rf/gntv_or_
sync_fifo.gl0.wr/gwas.gwdc0.wdc/GND_244_o_GND_244_o_sub_3_OUT<6>" is sourceless
and has been removed.
 Sourceless block
"frame_read_write_m0/read_buf/U0/xst_fifo_generator/gconvfifo.rf/grf.rf/gntv_or_
sync_fifo.gl0.wr/gwas.gwdc0.wdc/wr_data_count_i_6" (FF) removed.
The signal
"frame_read_write_m0/read_buf/U0/xst_fifo_generator/gconvfifo.rf/grf.rf/gntv_or_
sync_fifo.gl0.wr/gwas.gwdc0.wdc/GND_244_o_GND_244_o_sub_3_OUT<5>" is sourceless
and has been removed.
 Sourceless block
"frame_read_write_m0/read_buf/U0/xst_fifo_generator/gconvfifo.rf/grf.rf/gntv_or_
sync_fifo.gl0.wr/gwas.gwdc0.wdc/wr_data_count_i_5" (FF) removed.
The signal
"frame_read_write_m0/read_buf/U0/xst_fifo_generator/gconvfifo.rf/grf.rf/gntv_or_
sync_fifo.gl0.wr/gwas.gwdc0.wdc/GND_244_o_GND_244_o_sub_3_OUT<4>" is sourceless
and has been removed.
 Sourceless block
"frame_read_write_m0/read_buf/U0/xst_fifo_generator/gconvfifo.rf/grf.rf/gntv_or_
sync_fifo.gl0.wr/gwas.gwdc0.wdc/wr_data_count_i_4" (FF) removed.
The signal
"frame_read_write_m0/read_buf/U0/xst_fifo_generator/gconvfifo.rf/grf.rf/gntv_or_
sync_fifo.gl0.wr/gwas.gwdc0.wdc/GND_244_o_GND_244_o_sub_3_OUT<3>" is sourceless
and has been removed.
 Sourceless block
"frame_read_write_m0/read_buf/U0/xst_fifo_generator/gconvfifo.rf/grf.rf/gntv_or_
sync_fifo.gl0.wr/gwas.gwdc0.wdc/wr_data_count_i_3" (FF) removed.
The signal
"frame_read_write_m0/read_buf/U0/xst_fifo_generator/gconvfifo.rf/grf.rf/gntv_or_
sync_fifo.gl0.wr/gwas.gwdc0.wdc/GND_244_o_GND_244_o_sub_3_OUT<2>" is sourceless
and has been removed.
 Sourceless block
"frame_read_write_m0/read_buf/U0/xst_fifo_generator/gconvfifo.rf/grf.rf/gntv_or_
sync_fifo.gl0.wr/gwas.gwdc0.wdc/wr_data_count_i_2" (FF) removed.
The signal
"frame_read_write_m0/read_buf/U0/xst_fifo_generator/gconvfifo.rf/grf.rf/gntv_or_
sync_fifo.gcx.clkx/WR_PNTR[1]_WR_PNTR[2]_XOR_6_o" is sourceless and has been
removed.
 Sourceless block
"frame_read_write_m0/read_buf/U0/xst_fifo_generator/gconvfifo.rf/grf.rf/gntv_or_
sync_fifo.gcx.clkx/wr_pntr_gc_1" (FF) removed.
  The signal
"frame_read_write_m0/read_buf/U0/xst_fifo_generator/gconvfifo.rf/grf.rf/gntv_or_
sync_fifo.gcx.clkx/gsync_stage[1].rd_stg_inst/D<1>" is sourceless and has been
removed.
   Sourceless block
"frame_read_write_m0/read_buf/U0/xst_fifo_generator/gconvfifo.rf/grf.rf/gntv_or_
sync_fifo.gcx.clkx/gsync_stage[1].rd_stg_inst/Q_reg_1" (FF) removed.
    The signal
"frame_read_write_m0/read_buf/U0/xst_fifo_generator/gconvfifo.rf/grf.rf/gntv_or_
sync_fifo.gcx.clkx/gsync_stage[2].rd_stg_inst/D<1>" is sourceless and has been
removed.
     Sourceless block
"frame_read_write_m0/read_buf/U0/xst_fifo_generator/gconvfifo.rf/grf.rf/gntv_or_
sync_fifo.gcx.clkx/gsync_stage[2].rd_stg_inst/Q_reg_1" (FF) removed.
      The signal
"frame_read_write_m0/read_buf/U0/xst_fifo_generator/gconvfifo.rf/grf.rf/gntv_or_
sync_fifo.gcx.clkx/gsync_stage[2].rd_stg_inst/Q_reg<1>" is sourceless and has
been removed.
The signal
"frame_read_write_m0/read_buf/U0/xst_fifo_generator/gconvfifo.rf/grf.rf/gntv_or_
sync_fifo.gcx.clkx/WR_PNTR[0]_WR_PNTR[1]_XOR_7_o" is sourceless and has been
removed.
 Sourceless block
"frame_read_write_m0/read_buf/U0/xst_fifo_generator/gconvfifo.rf/grf.rf/gntv_or_
sync_fifo.gcx.clkx/wr_pntr_gc_0" (FF) removed.
  The signal
"frame_read_write_m0/read_buf/U0/xst_fifo_generator/gconvfifo.rf/grf.rf/gntv_or_
sync_fifo.gcx.clkx/gsync_stage[1].rd_stg_inst/D<0>" is sourceless and has been
removed.
   Sourceless block
"frame_read_write_m0/read_buf/U0/xst_fifo_generator/gconvfifo.rf/grf.rf/gntv_or_
sync_fifo.gcx.clkx/gsync_stage[1].rd_stg_inst/Q_reg_0" (FF) removed.
    The signal
"frame_read_write_m0/read_buf/U0/xst_fifo_generator/gconvfifo.rf/grf.rf/gntv_or_
sync_fifo.gcx.clkx/gsync_stage[2].rd_stg_inst/D<0>" is sourceless and has been
removed.
     Sourceless block
"frame_read_write_m0/read_buf/U0/xst_fifo_generator/gconvfifo.rf/grf.rf/gntv_or_
sync_fifo.gcx.clkx/gsync_stage[2].rd_stg_inst/Q_reg_0" (FF) removed.
      The signal
"frame_read_write_m0/read_buf/U0/xst_fifo_generator/gconvfifo.rf/grf.rf/gntv_or_
sync_fifo.gcx.clkx/gsync_stage[2].rd_stg_inst/Q_reg<0>" is sourceless and has
been removed.
The signal
"frame_read_write_m0/write_buf/U0/xst_fifo_generator/gconvfifo.rf/grf.rf/gntv_or
_sync_fifo.gl0.rd/gras.grdc1.rdc/rd_dc_i<6>" is sourceless and has been removed.
The signal
"frame_read_write_m0/write_buf/U0/xst_fifo_generator/gconvfifo.rf/grf.rf/gntv_or
_sync_fifo.gl0.rd/gras.grdc1.rdc/rd_dc_i<5>" is sourceless and has been removed.
The signal
"frame_read_write_m0/write_buf/U0/xst_fifo_generator/gconvfifo.rf/grf.rf/gntv_or
_sync_fifo.gl0.rd/gras.grdc1.rdc/rd_dc_i<4>" is sourceless and has been removed.
The signal
"frame_read_write_m0/write_buf/U0/xst_fifo_generator/gconvfifo.rf/grf.rf/gntv_or
_sync_fifo.gl0.rd/gras.grdc1.rdc/rd_dc_i<3>" is sourceless and has been removed.
The signal
"frame_read_write_m0/write_buf/U0/xst_fifo_generator/gconvfifo.rf/grf.rf/gntv_or
_sync_fifo.gl0.rd/gras.grdc1.rdc/rd_dc_i<2>" is sourceless and has been removed.
The signal
"frame_read_write_m0/write_buf/U0/xst_fifo_generator/gconvfifo.rf/grf.rf/gntv_or
_sync_fifo.gl0.rd/gras.grdc1.rdc/rd_dc_i<1>" is sourceless and has been removed.
The signal
"frame_read_write_m0/write_buf/U0/xst_fifo_generator/gconvfifo.rf/grf.rf/gntv_or
_sync_fifo.gl0.rd/gras.grdc1.rdc/rd_dc_i<0>" is sourceless and has been removed.
The signal
"frame_read_write_m0/write_buf/U0/xst_fifo_generator/gconvfifo.rf/grf.rf/gntv_or
_sync_fifo.gl0.wr/gwas.gwdc0.wdc/wr_data_count_i<5>" is sourceless and has been
removed.
The signal
"frame_read_write_m0/write_buf/U0/xst_fifo_generator/gconvfifo.rf/grf.rf/gntv_or
_sync_fifo.gl0.wr/gwas.gwdc0.wdc/wr_data_count_i<4>" is sourceless and has been
removed.
The signal
"frame_read_write_m0/write_buf/U0/xst_fifo_generator/gconvfifo.rf/grf.rf/gntv_or
_sync_fifo.gl0.wr/gwas.gwdc0.wdc/wr_data_count_i<3>" is sourceless and has been
removed.
The signal
"frame_read_write_m0/write_buf/U0/xst_fifo_generator/gconvfifo.rf/grf.rf/gntv_or
_sync_fifo.gl0.wr/gwas.gwdc0.wdc/wr_data_count_i<2>" is sourceless and has been
removed.
The signal
"frame_read_write_m0/write_buf/U0/xst_fifo_generator/gconvfifo.rf/grf.rf/gntv_or
_sync_fifo.gl0.wr/gwas.gwdc0.wdc/wr_data_count_i<1>" is sourceless and has been
removed.
The signal
"frame_read_write_m0/write_buf/U0/xst_fifo_generator/gconvfifo.rf/grf.rf/gntv_or
_sync_fifo.gl0.wr/gwas.gwdc0.wdc/wr_data_count_i<0>" is sourceless and has been
removed.
The signal
"frame_read_write_m0/write_buf/U0/xst_fifo_generator/gconvfifo.rf/grf.rf/gntv_or
_sync_fifo.gl0.wr/gwas.wsts/ram_full_i" is sourceless and has been removed.
The signal
"frame_read_write_m0/write_buf/U0/xst_fifo_generator/gconvfifo.rf/grf.rf/gntv_or
_sync_fifo.gl0.rd/gras.rsts/ram_empty_i" is sourceless and has been removed.
The signal
"frame_read_write_m0/write_buf/U0/xst_fifo_generator/gconvfifo.rf/grf.rf/gntv_or
_sync_fifo.gl0.wr/gwas.gwdc0.wdc/GND_244_o_GND_244_o_sub_2_OUT<5>" is sourceless
and has been removed.
 Sourceless block
"frame_read_write_m0/write_buf/U0/xst_fifo_generator/gconvfifo.rf/grf.rf/gntv_or
_sync_fifo.gl0.wr/gwas.gwdc0.wdc/wr_data_count_i_5" (FF) removed.
The signal
"frame_read_write_m0/write_buf/U0/xst_fifo_generator/gconvfifo.rf/grf.rf/gntv_or
_sync_fifo.gl0.wr/gwas.gwdc0.wdc/GND_244_o_GND_244_o_sub_2_OUT<4>" is sourceless
and has been removed.
 Sourceless block
"frame_read_write_m0/write_buf/U0/xst_fifo_generator/gconvfifo.rf/grf.rf/gntv_or
_sync_fifo.gl0.wr/gwas.gwdc0.wdc/wr_data_count_i_4" (FF) removed.
The signal
"frame_read_write_m0/write_buf/U0/xst_fifo_generator/gconvfifo.rf/grf.rf/gntv_or
_sync_fifo.gl0.wr/gwas.gwdc0.wdc/GND_244_o_GND_244_o_sub_2_OUT<3>" is sourceless
and has been removed.
 Sourceless block
"frame_read_write_m0/write_buf/U0/xst_fifo_generator/gconvfifo.rf/grf.rf/gntv_or
_sync_fifo.gl0.wr/gwas.gwdc0.wdc/wr_data_count_i_3" (FF) removed.
The signal
"frame_read_write_m0/write_buf/U0/xst_fifo_generator/gconvfifo.rf/grf.rf/gntv_or
_sync_fifo.gl0.wr/gwas.gwdc0.wdc/GND_244_o_GND_244_o_sub_2_OUT<2>" is sourceless
and has been removed.
 Sourceless block
"frame_read_write_m0/write_buf/U0/xst_fifo_generator/gconvfifo.rf/grf.rf/gntv_or
_sync_fifo.gl0.wr/gwas.gwdc0.wdc/wr_data_count_i_2" (FF) removed.
The signal
"frame_read_write_m0/write_buf/U0/xst_fifo_generator/gconvfifo.rf/grf.rf/gntv_or
_sync_fifo.gl0.wr/gwas.gwdc0.wdc/GND_244_o_GND_244_o_sub_2_OUT<1>" is sourceless
and has been removed.
 Sourceless block
"frame_read_write_m0/write_buf/U0/xst_fifo_generator/gconvfifo.rf/grf.rf/gntv_or
_sync_fifo.gl0.wr/gwas.gwdc0.wdc/wr_data_count_i_1" (FF) removed.
The signal
"frame_read_write_m0/write_buf/U0/xst_fifo_generator/gconvfifo.rf/grf.rf/gntv_or
_sync_fifo.gl0.wr/gwas.gwdc0.wdc/GND_244_o_GND_244_o_sub_2_OUT<0>" is sourceless
and has been removed.
 Sourceless block
"frame_read_write_m0/write_buf/U0/xst_fifo_generator/gconvfifo.rf/grf.rf/gntv_or
_sync_fifo.gl0.wr/gwas.gwdc0.wdc/wr_data_count_i_0" (FF) removed.
The signal
"frame_read_write_m0/write_buf/U0/xst_fifo_generator/gconvfifo.rf/grf.rf/gntv_or
_sync_fifo.gl0.wr/gwas.gwdc0.wdc/Msub_GND_244_o_GND_244_o_sub_2_OUT<5:0>_lut<0>"
is sourceless and has been removed.
 Sourceless block
"frame_read_write_m0/write_buf/U0/xst_fifo_generator/gconvfifo.rf/grf.rf/gntv_or
_sync_fifo.gl0.wr/gwas.gwdc0.wdc/Msub_GND_244_o_GND_244_o_sub_2_OUT<5:0>_cy<0>"
(MUX) removed.
  The signal
"frame_read_write_m0/write_buf/U0/xst_fifo_generator/gconvfifo.rf/grf.rf/gntv_or
_sync_fifo.gl0.wr/gwas.gwdc0.wdc/Msub_GND_244_o_GND_244_o_sub_2_OUT<5:0>_cy<0>"
is sourceless and has been removed.
   Sourceless block
"frame_read_write_m0/write_buf/U0/xst_fifo_generator/gconvfifo.rf/grf.rf/gntv_or
_sync_fifo.gl0.wr/gwas.gwdc0.wdc/Msub_GND_244_o_GND_244_o_sub_2_OUT<5:0>_cy<1>"
(MUX) removed.
    The signal
"frame_read_write_m0/write_buf/U0/xst_fifo_generator/gconvfifo.rf/grf.rf/gntv_or
_sync_fifo.gl0.wr/gwas.gwdc0.wdc/Msub_GND_244_o_GND_244_o_sub_2_OUT<5:0>_cy<1>"
is sourceless and has been removed.
     Sourceless block
"frame_read_write_m0/write_buf/U0/xst_fifo_generator/gconvfifo.rf/grf.rf/gntv_or
_sync_fifo.gl0.wr/gwas.gwdc0.wdc/Msub_GND_244_o_GND_244_o_sub_2_OUT<5:0>_cy<2>"
(MUX) removed.
      The signal
"frame_read_write_m0/write_buf/U0/xst_fifo_generator/gconvfifo.rf/grf.rf/gntv_or
_sync_fifo.gl0.wr/gwas.gwdc0.wdc/Msub_GND_244_o_GND_244_o_sub_2_OUT<5:0>_cy<2>"
is sourceless and has been removed.
       Sourceless block
"frame_read_write_m0/write_buf/U0/xst_fifo_generator/gconvfifo.rf/grf.rf/gntv_or
_sync_fifo.gl0.wr/gwas.gwdc0.wdc/Msub_GND_244_o_GND_244_o_sub_2_OUT<5:0>_cy<3>"
(MUX) removed.
        The signal
"frame_read_write_m0/write_buf/U0/xst_fifo_generator/gconvfifo.rf/grf.rf/gntv_or
_sync_fifo.gl0.wr/gwas.gwdc0.wdc/Msub_GND_244_o_GND_244_o_sub_2_OUT<5:0>_cy<3>"
is sourceless and has been removed.
         Sourceless block
"frame_read_write_m0/write_buf/U0/xst_fifo_generator/gconvfifo.rf/grf.rf/gntv_or
_sync_fifo.gl0.wr/gwas.gwdc0.wdc/Msub_GND_244_o_GND_244_o_sub_2_OUT<5:0>_cy<4>"
(MUX) removed.
          The signal
"frame_read_write_m0/write_buf/U0/xst_fifo_generator/gconvfifo.rf/grf.rf/gntv_or
_sync_fifo.gl0.wr/gwas.gwdc0.wdc/Msub_GND_244_o_GND_244_o_sub_2_OUT<5:0>_cy<4>"
is sourceless and has been removed.
           Sourceless block
"frame_read_write_m0/write_buf/U0/xst_fifo_generator/gconvfifo.rf/grf.rf/gntv_or
_sync_fifo.gl0.wr/gwas.gwdc0.wdc/Msub_GND_244_o_GND_244_o_sub_2_OUT<5:0>_xor<5>"
(XOR) removed.
         Sourceless block
"frame_read_write_m0/write_buf/U0/xst_fifo_generator/gconvfifo.rf/grf.rf/gntv_or
_sync_fifo.gl0.wr/gwas.gwdc0.wdc/Msub_GND_244_o_GND_244_o_sub_2_OUT<5:0>_xor<4>"
(XOR) removed.
       Sourceless block
"frame_read_write_m0/write_buf/U0/xst_fifo_generator/gconvfifo.rf/grf.rf/gntv_or
_sync_fifo.gl0.wr/gwas.gwdc0.wdc/Msub_GND_244_o_GND_244_o_sub_2_OUT<5:0>_xor<3>"
(XOR) removed.
     Sourceless block
"frame_read_write_m0/write_buf/U0/xst_fifo_generator/gconvfifo.rf/grf.rf/gntv_or
_sync_fifo.gl0.wr/gwas.gwdc0.wdc/Msub_GND_244_o_GND_244_o_sub_2_OUT<5:0>_xor<2>"
(XOR) removed.
   Sourceless block
"frame_read_write_m0/write_buf/U0/xst_fifo_generator/gconvfifo.rf/grf.rf/gntv_or
_sync_fifo.gl0.wr/gwas.gwdc0.wdc/Msub_GND_244_o_GND_244_o_sub_2_OUT<5:0>_xor<1>"
(XOR) removed.
 Sourceless block
"frame_read_write_m0/write_buf/U0/xst_fifo_generator/gconvfifo.rf/grf.rf/gntv_or
_sync_fifo.gl0.wr/gwas.gwdc0.wdc/Msub_GND_244_o_GND_244_o_sub_2_OUT<5:0>_xor<0>"
(XOR) removed.
The signal
"frame_read_write_m0/write_buf/U0/xst_fifo_generator/gconvfifo.rf/grf.rf/gntv_or
_sync_fifo.gl0.wr/gwas.gwdc0.wdc/Msub_GND_244_o_GND_244_o_sub_2_OUT<5:0>_lut<1>"
is sourceless and has been removed.
The signal
"frame_read_write_m0/write_buf/U0/xst_fifo_generator/gconvfifo.rf/grf.rf/gntv_or
_sync_fifo.gl0.wr/gwas.gwdc0.wdc/Msub_GND_244_o_GND_244_o_sub_2_OUT<5:0>_lut<2>"
is sourceless and has been removed.
The signal
"frame_read_write_m0/write_buf/U0/xst_fifo_generator/gconvfifo.rf/grf.rf/gntv_or
_sync_fifo.gl0.wr/gwas.gwdc0.wdc/Msub_GND_244_o_GND_244_o_sub_2_OUT<5:0>_lut<3>"
is sourceless and has been removed.
The signal
"frame_read_write_m0/write_buf/U0/xst_fifo_generator/gconvfifo.rf/grf.rf/gntv_or
_sync_fifo.gl0.wr/gwas.gwdc0.wdc/Msub_GND_244_o_GND_244_o_sub_2_OUT<5:0>_lut<4>"
is sourceless and has been removed.
The signal
"frame_read_write_m0/write_buf/U0/xst_fifo_generator/gconvfifo.rf/grf.rf/gntv_or
_sync_fifo.gl0.wr/gwas.gwdc0.wdc/Msub_GND_244_o_GND_244_o_sub_2_OUT<5:0>_lut<5>"
is sourceless and has been removed.
The signal
"frame_read_write_m0/write_buf/U0/xst_fifo_generator/gconvfifo.rf/grf.rf/gntv_or
_sync_fifo.gl0.rd/gras.grdc1.rdc/GND_237_o_GND_237_o_sub_3_OUT<6>" is sourceless
and has been removed.
 Sourceless block
"frame_read_write_m0/write_buf/U0/xst_fifo_generator/gconvfifo.rf/grf.rf/gntv_or
_sync_fifo.gl0.rd/gras.grdc1.rdc/rd_dc_i_6" (FF) removed.
The signal
"frame_read_write_m0/write_buf/U0/xst_fifo_generator/gconvfifo.rf/grf.rf/gntv_or
_sync_fifo.gl0.rd/gras.grdc1.rdc/GND_237_o_GND_237_o_sub_3_OUT<5>" is sourceless
and has been removed.
 Sourceless block
"frame_read_write_m0/write_buf/U0/xst_fifo_generator/gconvfifo.rf/grf.rf/gntv_or
_sync_fifo.gl0.rd/gras.grdc1.rdc/rd_dc_i_5" (FF) removed.
The signal
"frame_read_write_m0/write_buf/U0/xst_fifo_generator/gconvfifo.rf/grf.rf/gntv_or
_sync_fifo.gl0.rd/gras.grdc1.rdc/GND_237_o_GND_237_o_sub_3_OUT<4>" is sourceless
and has been removed.
 Sourceless block
"frame_read_write_m0/write_buf/U0/xst_fifo_generator/gconvfifo.rf/grf.rf/gntv_or
_sync_fifo.gl0.rd/gras.grdc1.rdc/rd_dc_i_4" (FF) removed.
The signal
"frame_read_write_m0/write_buf/U0/xst_fifo_generator/gconvfifo.rf/grf.rf/gntv_or
_sync_fifo.gl0.rd/gras.grdc1.rdc/GND_237_o_GND_237_o_sub_3_OUT<3>" is sourceless
and has been removed.
 Sourceless block
"frame_read_write_m0/write_buf/U0/xst_fifo_generator/gconvfifo.rf/grf.rf/gntv_or
_sync_fifo.gl0.rd/gras.grdc1.rdc/rd_dc_i_3" (FF) removed.
The signal
"frame_read_write_m0/write_buf/U0/xst_fifo_generator/gconvfifo.rf/grf.rf/gntv_or
_sync_fifo.gl0.rd/gras.grdc1.rdc/GND_237_o_GND_237_o_sub_3_OUT<2>" is sourceless
and has been removed.
 Sourceless block
"frame_read_write_m0/write_buf/U0/xst_fifo_generator/gconvfifo.rf/grf.rf/gntv_or
_sync_fifo.gl0.rd/gras.grdc1.rdc/rd_dc_i_2" (FF) removed.
The signal
"frame_read_write_m0/write_buf/U0/xst_fifo_generator/gconvfifo.rf/grf.rf/gntv_or
_sync_fifo.gl0.rd/gras.grdc1.rdc/GND_237_o_GND_237_o_sub_3_OUT<1>" is sourceless
and has been removed.
 Sourceless block
"frame_read_write_m0/write_buf/U0/xst_fifo_generator/gconvfifo.rf/grf.rf/gntv_or
_sync_fifo.gl0.rd/gras.grdc1.rdc/rd_dc_i_1" (FF) removed.
The signal
"frame_read_write_m0/write_buf/U0/xst_fifo_generator/gconvfifo.rf/grf.rf/gntv_or
_sync_fifo.gl0.rd/gras.grdc1.rdc/GND_237_o_GND_237_o_sub_3_OUT<0>" is sourceless
and has been removed.
 Sourceless block
"frame_read_write_m0/write_buf/U0/xst_fifo_generator/gconvfifo.rf/grf.rf/gntv_or
_sync_fifo.gl0.rd/gras.grdc1.rdc/rd_dc_i_0" (FF) removed.
The signal
"frame_read_write_m0/write_buf/U0/xst_fifo_generator/gconvfifo.rf/grf.rf/gntv_or
_sync_fifo.gcx.clkx/RD_PNTR[1]_RD_PNTR[2]_XOR_26_o" is sourceless and has been
removed.
 Sourceless block
"frame_read_write_m0/write_buf/U0/xst_fifo_generator/gconvfifo.rf/grf.rf/gntv_or
_sync_fifo.gcx.clkx/rd_pntr_gc_1" (FF) removed.
  The signal
"frame_read_write_m0/write_buf/U0/xst_fifo_generator/gconvfifo.rf/grf.rf/gntv_or
_sync_fifo.gcx.clkx/gsync_stage[1].wr_stg_inst/D<1>" is sourceless and has been
removed.
   Sourceless block
"frame_read_write_m0/write_buf/U0/xst_fifo_generator/gconvfifo.rf/grf.rf/gntv_or
_sync_fifo.gcx.clkx/gsync_stage[1].wr_stg_inst/Q_reg_1" (FF) removed.
    The signal
"frame_read_write_m0/write_buf/U0/xst_fifo_generator/gconvfifo.rf/grf.rf/gntv_or
_sync_fifo.gcx.clkx/gsync_stage[2].wr_stg_inst/D<1>" is sourceless and has been
removed.
     Sourceless block
"frame_read_write_m0/write_buf/U0/xst_fifo_generator/gconvfifo.rf/grf.rf/gntv_or
_sync_fifo.gcx.clkx/gsync_stage[2].wr_stg_inst/Q_reg_1" (FF) removed.
      The signal
"frame_read_write_m0/write_buf/U0/xst_fifo_generator/gconvfifo.rf/grf.rf/gntv_or
_sync_fifo.gcx.clkx/gsync_stage[2].wr_stg_inst/Q_reg<1>" is sourceless and has
been removed.
The signal
"frame_read_write_m0/write_buf/U0/xst_fifo_generator/gconvfifo.rf/grf.rf/gntv_or
_sync_fifo.gcx.clkx/RD_PNTR[0]_RD_PNTR[1]_XOR_27_o" is sourceless and has been
removed.
 Sourceless block
"frame_read_write_m0/write_buf/U0/xst_fifo_generator/gconvfifo.rf/grf.rf/gntv_or
_sync_fifo.gcx.clkx/rd_pntr_gc_0" (FF) removed.
  The signal
"frame_read_write_m0/write_buf/U0/xst_fifo_generator/gconvfifo.rf/grf.rf/gntv_or
_sync_fifo.gcx.clkx/gsync_stage[1].wr_stg_inst/D<0>" is sourceless and has been
removed.
   Sourceless block
"frame_read_write_m0/write_buf/U0/xst_fifo_generator/gconvfifo.rf/grf.rf/gntv_or
_sync_fifo.gcx.clkx/gsync_stage[1].wr_stg_inst/Q_reg_0" (FF) removed.
    The signal
"frame_read_write_m0/write_buf/U0/xst_fifo_generator/gconvfifo.rf/grf.rf/gntv_or
_sync_fifo.gcx.clkx/gsync_stage[2].wr_stg_inst/D<0>" is sourceless and has been
removed.
     Sourceless block
"frame_read_write_m0/write_buf/U0/xst_fifo_generator/gconvfifo.rf/grf.rf/gntv_or
_sync_fifo.gcx.clkx/gsync_stage[2].wr_stg_inst/Q_reg_0" (FF) removed.
      The signal
"frame_read_write_m0/write_buf/U0/xst_fifo_generator/gconvfifo.rf/grf.rf/gntv_or
_sync_fifo.gcx.clkx/gsync_stage[2].wr_stg_inst/Q_reg<0>" is sourceless and has
been removed.
Unused block
"frame_read_write_m0/read_buf/U0/xst_fifo_generator/gconvfifo.rf/grf.rf/gntv_or_
sync_fifo.gcx.clkx/Mxor_WR_PNTR[0]_WR_PNTR[1]_XOR_7_o_xo<0>1" (ROM) removed.
Unused block
"frame_read_write_m0/read_buf/U0/xst_fifo_generator/gconvfifo.rf/grf.rf/gntv_or_
sync_fifo.gcx.clkx/Mxor_WR_PNTR[1]_WR_PNTR[2]_XOR_6_o_xo<0>1" (ROM) removed.
Unused block
"frame_read_write_m0/read_buf/U0/xst_fifo_generator/gconvfifo.rf/grf.rf/gntv_or_
sync_fifo.gl0.rd/gras.grdc1.rdc/Msub_GND_237_o_GND_237_o_sub_2_OUT<5:0>_lut<0>"
(ROM) removed.
Unused block
"frame_read_write_m0/read_buf/U0/xst_fifo_generator/gconvfifo.rf/grf.rf/gntv_or_
sync_fifo.gl0.rd/gras.grdc1.rdc/Msub_GND_237_o_GND_237_o_sub_2_OUT<5:0>_lut<1>"
(ROM) removed.
Unused block
"frame_read_write_m0/read_buf/U0/xst_fifo_generator/gconvfifo.rf/grf.rf/gntv_or_
sync_fifo.gl0.rd/gras.grdc1.rdc/Msub_GND_237_o_GND_237_o_sub_2_OUT<5:0>_lut<2>"
(ROM) removed.
Unused block
"frame_read_write_m0/read_buf/U0/xst_fifo_generator/gconvfifo.rf/grf.rf/gntv_or_
sync_fifo.gl0.rd/gras.grdc1.rdc/Msub_GND_237_o_GND_237_o_sub_2_OUT<5:0>_lut<3>"
(ROM) removed.
Unused block
"frame_read_write_m0/read_buf/U0/xst_fifo_generator/gconvfifo.rf/grf.rf/gntv_or_
sync_fifo.gl0.rd/gras.grdc1.rdc/Msub_GND_237_o_GND_237_o_sub_2_OUT<5:0>_lut<4>"
(ROM) removed.
Unused block
"frame_read_write_m0/read_buf/U0/xst_fifo_generator/gconvfifo.rf/grf.rf/gntv_or_
sync_fifo.gl0.rd/gras.grdc1.rdc/Msub_GND_237_o_GND_237_o_sub_2_OUT<5:0>_lut<5>"
(ROM) removed.
Unused block
"frame_read_write_m0/read_buf/U0/xst_fifo_generator/gconvfifo.rf/grf.rf/gntv_or_
sync_fifo.gl0.rd/gras.rsts/ram_empty_i" (FF) removed.
Unused block
"frame_read_write_m0/read_buf/U0/xst_fifo_generator/gconvfifo.rf/grf.rf/gntv_or_
sync_fifo.gl0.wr/gwas.gwdc0.wdc/Msub_GND_244_o_GND_244_o_sub_3_OUT<7:0>_xor<2>"
(XOR) removed.
Unused block
"frame_read_write_m0/read_buf/U0/xst_fifo_generator/gconvfifo.rf/grf.rf/gntv_or_
sync_fifo.gl0.wr/gwas.gwdc0.wdc/Msub_GND_244_o_GND_244_o_sub_3_OUT<7:0>_xor<3>"
(XOR) removed.
Unused block
"frame_read_write_m0/read_buf/U0/xst_fifo_generator/gconvfifo.rf/grf.rf/gntv_or_
sync_fifo.gl0.wr/gwas.gwdc0.wdc/Msub_GND_244_o_GND_244_o_sub_3_OUT<7:0>_xor<4>"
(XOR) removed.
Unused block
"frame_read_write_m0/read_buf/U0/xst_fifo_generator/gconvfifo.rf/grf.rf/gntv_or_
sync_fifo.gl0.wr/gwas.gwdc0.wdc/Msub_GND_244_o_GND_244_o_sub_3_OUT<7:0>_xor<5>"
(XOR) removed.
Unused block
"frame_read_write_m0/read_buf/U0/xst_fifo_generator/gconvfifo.rf/grf.rf/gntv_or_
sync_fifo.gl0.wr/gwas.gwdc0.wdc/Msub_GND_244_o_GND_244_o_sub_3_OUT<7:0>_xor<6>"
(XOR) removed.
Unused block
"frame_read_write_m0/read_buf/U0/xst_fifo_generator/gconvfifo.rf/grf.rf/gntv_or_
sync_fifo.gl0.wr/gwas.gwdc0.wdc/wr_data_count_i_0" (FF) removed.
Unused block
"frame_read_write_m0/read_buf/U0/xst_fifo_generator/gconvfifo.rf/grf.rf/gntv_or_
sync_fifo.gl0.wr/gwas.gwdc0.wdc/wr_data_count_i_1" (FF) removed.
Unused block
"frame_read_write_m0/read_buf/U0/xst_fifo_generator/gconvfifo.rf/grf.rf/gntv_or_
sync_fifo.gl0.wr/gwas.wsts/ram_full_i" (FF) removed.
Unused block
"frame_read_write_m0/write_buf/U0/xst_fifo_generator/gconvfifo.rf/grf.rf/gntv_or
_sync_fifo.gcx.clkx/Mxor_RD_PNTR[0]_RD_PNTR[1]_XOR_27_o_xo<0>1" (ROM) removed.
Unused block
"frame_read_write_m0/write_buf/U0/xst_fifo_generator/gconvfifo.rf/grf.rf/gntv_or
_sync_fifo.gcx.clkx/Mxor_RD_PNTR[1]_RD_PNTR[2]_XOR_26_o_xo<0>1" (ROM) removed.
Unused block
"frame_read_write_m0/write_buf/U0/xst_fifo_generator/gconvfifo.rf/grf.rf/gntv_or
_sync_fifo.gl0.rd/gras.grdc1.rdc/Msub_GND_237_o_GND_237_o_sub_3_OUT<7:0>_xor<0>"
(XOR) removed.
Unused block
"frame_read_write_m0/write_buf/U0/xst_fifo_generator/gconvfifo.rf/grf.rf/gntv_or
_sync_fifo.gl0.rd/gras.grdc1.rdc/Msub_GND_237_o_GND_237_o_sub_3_OUT<7:0>_xor<1>"
(XOR) removed.
Unused block
"frame_read_write_m0/write_buf/U0/xst_fifo_generator/gconvfifo.rf/grf.rf/gntv_or
_sync_fifo.gl0.rd/gras.grdc1.rdc/Msub_GND_237_o_GND_237_o_sub_3_OUT<7:0>_xor<2>"
(XOR) removed.
Unused block
"frame_read_write_m0/write_buf/U0/xst_fifo_generator/gconvfifo.rf/grf.rf/gntv_or
_sync_fifo.gl0.rd/gras.grdc1.rdc/Msub_GND_237_o_GND_237_o_sub_3_OUT<7:0>_xor<3>"
(XOR) removed.
Unused block
"frame_read_write_m0/write_buf/U0/xst_fifo_generator/gconvfifo.rf/grf.rf/gntv_or
_sync_fifo.gl0.rd/gras.grdc1.rdc/Msub_GND_237_o_GND_237_o_sub_3_OUT<7:0>_xor<4>"
(XOR) removed.
Unused block
"frame_read_write_m0/write_buf/U0/xst_fifo_generator/gconvfifo.rf/grf.rf/gntv_or
_sync_fifo.gl0.rd/gras.grdc1.rdc/Msub_GND_237_o_GND_237_o_sub_3_OUT<7:0>_xor<5>"
(XOR) removed.
Unused block
"frame_read_write_m0/write_buf/U0/xst_fifo_generator/gconvfifo.rf/grf.rf/gntv_or
_sync_fifo.gl0.rd/gras.grdc1.rdc/Msub_GND_237_o_GND_237_o_sub_3_OUT<7:0>_xor<6>"
(XOR) removed.
Unused block
"frame_read_write_m0/write_buf/U0/xst_fifo_generator/gconvfifo.rf/grf.rf/gntv_or
_sync_fifo.gl0.rd/gras.rsts/ram_empty_i" (FF) removed.
Unused block
"frame_read_write_m0/write_buf/U0/xst_fifo_generator/gconvfifo.rf/grf.rf/gntv_or
_sync_fifo.gl0.wr/gwas.gwdc0.wdc/Msub_GND_244_o_GND_244_o_sub_2_OUT<5:0>_lut<0>"
(ROM) removed.
Unused block
"frame_read_write_m0/write_buf/U0/xst_fifo_generator/gconvfifo.rf/grf.rf/gntv_or
_sync_fifo.gl0.wr/gwas.gwdc0.wdc/Msub_GND_244_o_GND_244_o_sub_2_OUT<5:0>_lut<1>"
(ROM) removed.
Unused block
"frame_read_write_m0/write_buf/U0/xst_fifo_generator/gconvfifo.rf/grf.rf/gntv_or
_sync_fifo.gl0.wr/gwas.gwdc0.wdc/Msub_GND_244_o_GND_244_o_sub_2_OUT<5:0>_lut<2>"
(ROM) removed.
Unused block
"frame_read_write_m0/write_buf/U0/xst_fifo_generator/gconvfifo.rf/grf.rf/gntv_or
_sync_fifo.gl0.wr/gwas.gwdc0.wdc/Msub_GND_244_o_GND_244_o_sub_2_OUT<5:0>_lut<3>"
(ROM) removed.
Unused block
"frame_read_write_m0/write_buf/U0/xst_fifo_generator/gconvfifo.rf/grf.rf/gntv_or
_sync_fifo.gl0.wr/gwas.gwdc0.wdc/Msub_GND_244_o_GND_244_o_sub_2_OUT<5:0>_lut<4>"
(ROM) removed.
Unused block
"frame_read_write_m0/write_buf/U0/xst_fifo_generator/gconvfifo.rf/grf.rf/gntv_or
_sync_fifo.gl0.wr/gwas.gwdc0.wdc/Msub_GND_244_o_GND_244_o_sub_2_OUT<5:0>_lut<5>"
(ROM) removed.
Unused block
"frame_read_write_m0/write_buf/U0/xst_fifo_generator/gconvfifo.rf/grf.rf/gntv_or
_sync_fifo.gl0.wr/gwas.wsts/ram_full_i" (FF) removed.

Optimized Block(s):
TYPE 		BLOCK
GND 		XST_GND
VCC 		XST_VCC
GND
		frame_read_write_m0/read_buf/U0/xst_fifo_generator/gconvfifo.rf/grf.rf/gntv_or
_sync_fifo.mem/gbm.gbmg.gbmga.ngecc.bmg/gnativebmg.native_blk_mem_gen/valid.cstr
/XST_GND
GND 		frame_read_write_m0/read_buf/XST_GND
VCC 		frame_read_write_m0/read_buf/XST_VCC
GND
		frame_read_write_m0/write_buf/U0/xst_fifo_generator/gconvfifo.rf/grf.rf/gntv_o
r_sync_fifo.mem/gbm.gbmg.gbmga.ngecc.bmg/gnativebmg.native_blk_mem_gen/valid.cst
r/XST_GND
GND 		frame_read_write_m0/write_buf/XST_GND
VCC 		frame_read_write_m0/write_buf/XST_VCC

To enable printing of redundant blocks removed and signals merged, set the
detailed map report option and rerun map.

Section 6 - IOB Properties
--------------------------

+---------------------------------------------------------------------------------------------------------------------------------------------------------+
| IOB Name                           | Type             | Direction | IO Standard          | Diff  | Drive    | Slew | Reg (s)      | Resistor | IOB      |
|                                    |                  |           |                      | Term  | Strength | Rate |              |          | Delay    |
+---------------------------------------------------------------------------------------------------------------------------------------------------------+
| clk                                | IOB              | INPUT     | LVCMOS25             |       |          |      |              |          |          |
| key                                | IOB              | INPUT     | LVCMOS33             |       |          |      |              |          |          |
| rst_n                              | IOB              | INPUT     | LVCMOS33             |       |          |      |              |          |          |
| sdram_addr<0>                      | IOB              | OUTPUT    | LVCMOS33             |       | 12       | SLOW |              |          |          |
| sdram_addr<1>                      | IOB              | OUTPUT    | LVCMOS33             |       | 12       | SLOW |              |          |          |
| sdram_addr<2>                      | IOB              | OUTPUT    | LVCMOS33             |       | 12       | SLOW |              |          |          |
| sdram_addr<3>                      | IOB              | OUTPUT    | LVCMOS33             |       | 12       | SLOW |              |          |          |
| sdram_addr<4>                      | IOB              | OUTPUT    | LVCMOS33             |       | 12       | SLOW |              |          |          |
| sdram_addr<5>                      | IOB              | OUTPUT    | LVCMOS33             |       | 12       | SLOW |              |          |          |
| sdram_addr<6>                      | IOB              | OUTPUT    | LVCMOS33             |       | 12       | SLOW |              |          |          |
| sdram_addr<7>                      | IOB              | OUTPUT    | LVCMOS33             |       | 12       | SLOW |              |          |          |
| sdram_addr<8>                      | IOB              | OUTPUT    | LVCMOS33             |       | 12       | SLOW |              |          |          |
| sdram_addr<9>                      | IOB              | OUTPUT    | LVCMOS33             |       | 12       | SLOW |              |          |          |
| sdram_addr<10>                     | IOB              | OUTPUT    | LVCMOS33             |       | 12       | SLOW |              |          |          |
| sdram_addr<11>                     | IOB              | OUTPUT    | LVCMOS33             |       | 12       | SLOW |              |          |          |
| sdram_addr<12>                     | IOB              | OUTPUT    | LVCMOS33             |       | 12       | SLOW |              |          |          |
| sdram_ba<0>                        | IOB              | OUTPUT    | LVCMOS33             |       | 12       | SLOW |              |          |          |
| sdram_ba<1>                        | IOB              | OUTPUT    | LVCMOS33             |       | 12       | SLOW |              |          |          |
| sdram_cas_n                        | IOB              | OUTPUT    | LVCMOS33             |       | 12       | SLOW |              |          |          |
| sdram_cke                          | IOB              | OUTPUT    | LVCMOS33             |       | 12       | SLOW |              |          |          |
| sdram_clk                          | IOB              | OUTPUT    | LVCMOS33             |       | 12       | SLOW |              |          |          |
| sdram_cs_n                         | IOB              | OUTPUT    | LVCMOS33             |       | 12       | SLOW |              |          |          |
| sdram_dq<0>                        | IOB              | BIDIR     | LVCMOS33             |       | 12       | SLOW |              |          |          |
| sdram_dq<1>                        | IOB              | BIDIR     | LVCMOS33             |       | 12       | SLOW |              |          |          |
| sdram_dq<2>                        | IOB              | BIDIR     | LVCMOS33             |       | 12       | SLOW |              |          |          |
| sdram_dq<3>                        | IOB              | BIDIR     | LVCMOS33             |       | 12       | SLOW |              |          |          |
| sdram_dq<4>                        | IOB              | BIDIR     | LVCMOS33             |       | 12       | SLOW |              |          |          |
| sdram_dq<5>                        | IOB              | BIDIR     | LVCMOS33             |       | 12       | SLOW |              |          |          |
| sdram_dq<6>                        | IOB              | BIDIR     | LVCMOS33             |       | 12       | SLOW |              |          |          |
| sdram_dq<7>                        | IOB              | BIDIR     | LVCMOS33             |       | 12       | SLOW |              |          |          |
| sdram_dq<8>                        | IOB              | BIDIR     | LVCMOS33             |       | 12       | SLOW |              |          |          |
| sdram_dq<9>                        | IOB              | BIDIR     | LVCMOS33             |       | 12       | SLOW |              |          |          |
| sdram_dq<10>                       | IOB              | BIDIR     | LVCMOS33             |       | 12       | SLOW |              |          |          |
| sdram_dq<11>                       | IOB              | BIDIR     | LVCMOS33             |       | 12       | SLOW |              |          |          |
| sdram_dq<12>                       | IOB              | BIDIR     | LVCMOS33             |       | 12       | SLOW |              |          |          |
| sdram_dq<13>                       | IOB              | BIDIR     | LVCMOS33             |       | 12       | SLOW |              |          |          |
| sdram_dq<14>                       | IOB              | BIDIR     | LVCMOS33             |       | 12       | SLOW |              |          |          |
| sdram_dq<15>                       | IOB              | BIDIR     | LVCMOS33             |       | 12       | SLOW |              |          |          |
| sdram_dqm<0>                       | IOB              | OUTPUT    | LVCMOS33             |       | 12       | SLOW |              |          |          |
| sdram_dqm<1>                       | IOB              | OUTPUT    | LVCMOS33             |       | 12       | SLOW |              |          |          |
| sdram_ras_n                        | IOB              | OUTPUT    | LVCMOS33             |       | 12       | SLOW |              |          |          |
| sdram_we_n                         | IOB              | OUTPUT    | LVCMOS33             |       | 12       | SLOW |              |          |          |
| wm8731_adcdat                      | IOB              | INPUT     | LVCMOS33             |       |          |      |              |          |          |
| wm8731_adclrc                      | IOB              | INPUT     | LVCMOS33             |       |          |      |              |          |          |
| wm8731_bclk                        | IOB              | INPUT     | LVCMOS33             |       |          |      |              |          |          |
| wm8731_dacdat                      | IOB              | OUTPUT    | LVCMOS33             |       | 12       | SLOW |              |          |          |
| wm8731_daclrc                      | IOB              | INPUT     | LVCMOS33             |       |          |      |              |          |          |
| wm8731_scl                         | IOB              | BIDIR     | LVCMOS33             |       | 12       | SLOW |              |          |          |
| wm8731_sda                         | IOB              | BIDIR     | LVCMOS33             |       | 12       | SLOW |              |          |          |
+---------------------------------------------------------------------------------------------------------------------------------------------------------+

Section 7 - RPMs
----------------

Section 8 - Guide Report
------------------------
Guide not run on this design.

Section 9 - Area Group and Partition Summary
--------------------------------------------

Partition Implementation Status
-------------------------------

  No Partitions were found in this design.

-------------------------------

Area Group Information
----------------------

  No area groups were found in this design.

----------------------

Section 10 - Timing Report
--------------------------
A logic-level (pre-route) timing report can be generated by using Xilinx static
timing analysis tools, Timing Analyzer (GUI) or TRCE (command line), with the
mapped NCD and PCF files. Please note that this timing report will be generated
using estimated delay information. For accurate numbers, please generate a
timing report with the post Place and Route NCD file.

For more information about the Timing Analyzer, consult the Xilinx Timing
Analyzer Reference Manual; for more information about TRCE, consult the Xilinx
Command Line Tools User Guide "TRACE" chapter.

Section 11 - Configuration String Details
-----------------------------------------
Use the "-detail" map option to print out Configuration Strings

Section 12 - Control Set Information
------------------------------------
Use the "-detail" map option to print out Control Set Information.

Section 13 - Utilization by Hierarchy
-------------------------------------
Use the "-detail" map option to print out the Utilization by Hierarchy section.
